\BOOKMARK [1][-]{section.1}{\376\377\0001\000.\000\040\000I\000n\000t\000r\000o\000d\000u\000c\000t\000i\000o\000n}{}% 1
\BOOKMARK [1][-]{section.2}{\376\377\0002\000.\000\040\000P\000r\000e\000l\000i\000m\000i\000n\000a\000r\000i\000e\000s}{}% 2
\BOOKMARK [2][-]{subsection.2.1}{\376\377\0002\000.\0001\000.\000\040\000N\000o\000r\000m\000e\000d\000\040\000d\000i\000v\000i\000s\000i\000o\000n\000\040\000a\000l\000g\000e\000b\000r\000a\000s}{section.2}% 3
\BOOKMARK [2][-]{subsection.2.2}{\376\377\0002\000.\0002\000.\000\040\000I\000n\000t\000e\000g\000e\000r\000\040\000s\000u\000b\000r\000i\000n\000g\000s}{section.2}% 4
\BOOKMARK [2][-]{subsection.2.3}{\376\377\0002\000.\0003\000.\000\040\000K\000e\000y\000\040\000i\000d\000e\000n\000t\000i\000t\000i\000e\000s}{section.2}% 5
\BOOKMARK [1][-]{section.3}{\376\377\0003\000.\000\040\000T\000h\000e\000\040\000c\000u\000b\000i\000c\000\040\000t\000h\000e\000o\000r\000e\000m}{}% 6
\BOOKMARK [1][-]{section.4}{\376\377\0004\000.\000\040\000G\000e\000n\000e\000r\000a\000l\000\040\000o\000d\000d\000\040\000p\000r\000i\000m\000e\000s}{}% 7
\BOOKMARK [1][-]{section.5}{\376\377\0005\000.\000\040\000T\000h\000e\000\040\000d\000i\000m\000e\000n\000s\000i\000o\000n\000\040\000b\000o\000u\000n\000d\000a\000r\000y}{}% 8
\BOOKMARK [2][-]{subsection.5.1}{\376\377\0005\000.\0001\000.\000\040\000E\000v\000e\000n\000\040\000e\000x\000p\000o\000n\000e\000n\000t\000s\000:\000\040\000t\000h\000e\000\040\000q\000u\000a\000r\000t\000i\000c\000\040\000c\000a\000s\000e}{section.5}% 9
\BOOKMARK [2][-]{subsection.5.2}{\376\377\0005\000.\0002\000.\000\040\000E\000v\000e\000n\000\040\000e\000x\000p\000o\000n\000e\000n\000t\000s\000:\000\040\000t\000h\000e\000\040\000c\000o\000m\000p\000l\000e\000t\000e\000\040\000l\000a\000n\000d\000s\000c\000a\000p\000e}{section.5}% 10
\BOOKMARK [2][-]{subsection.5.3}{\376\377\0005\000.\0003\000.\000\040\000T\000h\000e\000\040\000s\000e\000x\000t\000i\000c\000\040\000c\000a\000s\000e\000:\000\040\000t\000h\000e\000\040\000c\000o\000m\000p\000o\000n\000e\000n\000t\000-\000f\000l\000i\000p\000\040\000m\000e\000c\000h\000a\000n\000i\000s\000m}{section.5}% 11
\BOOKMARK [2][-]{subsection.5.4}{\376\377\0005\000.\0004\000.\000\040\000T\000h\000e\000\040\000N\000i\000v\000e\000n\000\040\000o\000b\000s\000t\000r\000u\000c\000t\000i\000o\000n\000\040\000f\000o\000r\000\040\000n\000\040\0000\000\040\0008\000m\000u\000\050\000m\000o\000d\0006\000m\000u\0004\000\051}{section.5}% 12
\BOOKMARK [2][-]{subsection.5.5}{\376\377\0005\000.\0005\000.\000\040\000T\000h\000e\000\040\000t\000r\000a\000c\000e\000\040\000p\000a\000r\000i\000t\000y\000\040\000o\000b\000s\000t\000r\000u\000c\000t\000i\000o\000n\000\040\000f\000o\000r\000\040\000n\000\040\000=\000\040\0008}{section.5}% 13
\BOOKMARK [1][-]{section.6}{\376\377\0006\000.\000\040\000T\000h\000r\000e\000e\000\040\000m\000e\000c\000h\000a\000n\000i\000s\000m\000s}{}% 14
\BOOKMARK [1][-]{section.7}{\376\377\0007\000.\000\040\000B\000e\000y\000o\000n\000d\000\040\000d\000i\000v\000i\000s\000i\000o\000n\000:\000\040\000t\000h\000e\000\040\000s\000e\000d\000e\000n\000i\000o\000n\000\040\000p\000h\000a\000s\000e\000\040\000t\000r\000a\000n\000s\000i\000t\000i\000o\000n}{}% 15
\BOOKMARK [2][-]{subsection.7.1}{\376\377\0007\000.\0001\000.\000\040\000S\000e\000d\000e\000n\000i\000o\000n\000\040\000z\000e\000r\000o\000\040\000d\000i\000v\000i\000s\000o\000r\000s}{section.7}% 16
\BOOKMARK [2][-]{subsection.7.2}{\376\377\0007\000.\0002\000.\000\040\000T\000h\000r\000e\000e\000\040\000o\000b\000s\000t\000r\000u\000c\000t\000i\000o\000n\000s\000\040\000t\000o\000\040\000s\000e\000d\000e\000n\000i\000o\000n\000\040\000F\000e\000r\000m\000a\000t}{section.7}% 17
\BOOKMARK [2][-]{subsection.7.3}{\376\377\0007\000.\0003\000.\000\040\000T\000h\000e\000\040\000s\000e\000d\000e\000n\000i\000o\000n\000\040\000F\000e\000r\000m\000a\000t\000\040\000l\000a\000n\000d\000s\000c\000a\000p\000e}{section.7}% 18
\BOOKMARK [1][-]{section.8}{\376\377\0008\000.\000\040\000S\000o\000l\000u\000t\000i\000o\000n\000\040\000c\000l\000a\000s\000s\000i\000f\000i\000c\000a\000t\000i\000o\000n\000\040\000a\000n\000d\000\040\000c\000o\000m\000p\000u\000t\000a\000t\000i\000o\000n\000a\000l\000\040\000d\000a\000t\000a}{}% 19
\BOOKMARK [2][-]{subsection.8.1}{\376\377\0008\000.\0001\000.\000\040\000G\0002\000\040\000o\000r\000b\000i\000t\000\040\000c\000o\000l\000l\000a\000p\000s\000e}{section.8}% 20
\BOOKMARK [2][-]{table.1}{\376\377\0008\000.\0002\000.\000\040\000C\000o\000m\000p\000u\000t\000a\000t\000i\000o\000n\000a\000l\000\040\000d\000a\000t\000a}{section.8}% 21
\BOOKMARK [2][-]{subsection.8.3}{\376\377\0008\000.\0003\000.\000\040\000W\000a\000r\000i\000n\000g\000\040\000b\000o\000u\000n\000d\000s}{section.8}% 22
\BOOKMARK [1][-]{section.9}{\376\377\0009\000.\000\040\000C\000o\000n\000n\000e\000c\000t\000i\000o\000n\000s\000\040\000a\000n\000d\000\040\000p\000e\000r\000s\000p\000e\000c\000t\000i\000v\000e\000s}{}% 23
\BOOKMARK [2][-]{table.2}{\376\377\0009\000.\0001\000.\000\040\000F\000o\000u\000r\000\040\000l\000e\000v\000e\000l\000s}{section.9}% 24
\BOOKMARK [2][-]{subsection.9.2}{\376\377\0009\000.\0002\000.\000\040\000T\000h\000e\000\040\000S\000h\000i\000m\000u\000r\000a\000\040\000o\000b\000s\000t\000r\000u\000c\000t\000i\000o\000n}{section.9}% 25
\BOOKMARK [2][-]{subsection.9.3}{\376\377\0009\000.\0003\000.\000\040\000T\000h\000e\000\040\000G\000r\000o\000s\000s\000-\000S\000a\000v\000i\000n\000\040\000p\000r\000o\000g\000r\000a\000m}{section.9}% 26
\BOOKMARK [2][-]{subsection.9.4}{\376\377\0009\000.\0004\000.\000\040\000C\000o\000n\000n\000e\000c\000t\000i\000o\000n\000\040\000t\000o\000\040\000B\000h\000a\000r\000g\000a\000v\000a\000'\000s\000\040\000h\000i\000g\000h\000e\000r\000\040\000c\000o\000m\000p\000o\000s\000i\000t\000i\000o\000n\000\040\000l\000a\000w\000s}{section.9}% 27
\BOOKMARK [2][-]{subsection.9.5}{\376\377\0009\000.\0005\000.\000\040\000T\000h\000e\000\040\000m\000a\000g\000i\000c\000\040\000s\000q\000u\000a\000r\000e}{section.9}% 28
\BOOKMARK [1][-]{section.10}{\376\377\0001\0000\000.\000\040\000T\000h\000e\000\040\000Q\000u\000a\000t\000e\000r\000n\000i\000o\000n\000i\000c\000\040\000W\000i\000l\000e\000s\000\040\000P\000r\000o\000g\000r\000a\000m}{}% 29
\BOOKMARK [2][-]{subsection.10.1}{\376\377\0001\0000\000.\0001\000.\000\040\000T\000h\000e\000\040\000F\000r\000e\000y\000-\000t\000o\000-\000Q\000M\000\040\000a\000n\000a\000l\000o\000g\000y}{section.10}% 30
\BOOKMARK [2][-]{subsection.10.2}{\376\377\0001\0000\000.\0002\000.\000\040\000T\000h\000e\000\040\000d\000e\000f\000i\000n\000i\000t\000e\000\040\000o\000b\000s\000t\000r\000u\000c\000t\000i\000o\000n\000\040\000a\000n\000d\000\040\000J\000a\000c\000q\000u\000e\000t\040\023\000L\000a\000n\000g\000l\000a\000n\000d\000s}{section.10}% 31
\BOOKMARK [2][-]{subsection.10.3}{\376\377\0001\0000\000.\0003\000.\000\040\000T\000h\000e\000\040\000p\000r\000o\000g\000r\000a\000m}{section.10}% 32
\BOOKMARK [1][-]{section.11}{\376\377\0001\0001\000.\000\040\000M\000a\000c\000h\000i\000n\000e\000\040\000v\000e\000r\000i\000f\000i\000c\000a\000t\000i\000o\000n}{}% 33
\BOOKMARK [1][-]{section.12}{\376\377\0001\0002\000.\000\040\000O\000p\000e\000n\000\040\000p\000r\000o\000b\000l\000e\000m\000s\000\040\000a\000n\000d\000\040\000c\000o\000n\000j\000e\000c\000t\000u\000r\000e\000s}{}% 34
\BOOKMARK [1][-]{section*.1}{\376\377\000R\000e\000f\000e\000r\000e\000n\000c\000e\000s}{}% 35
