======================================================================
S15 vs S7 ABLATION STUDY ON CRAFTER
Following DreamerV3 Methodology (Nature 2025)
======================================================================
Device: mps
Seeds per condition: 10
Steps per run: 50,000
Output: /Users/schizodactyl/projects/art/octoni-on/data
Seeds: [42, 153, 264, 375, 486, 597, 708, 819, 930, 1041]

============================================================
Running S7 with seed 42
============================================================
  Collecting initial episodes...
  Buffer size: 1752 transitions
  Starting training for 50000 steps...
    Step   1000 | Recon: 0.0166 | KL: 0.0000 | Total: 0.0166
    Step   2000 | Recon: 0.0167 | KL: 0.0000 | Total: 0.0167
    Step   3000 | Recon: 0.0141 | KL: 0.0001 | Total: 0.0141
    Step   4000 | Recon: 0.0176 | KL: 0.0000 | Total: 0.0177
    Step   5000 | Recon: 0.0238 | KL: 0.0001 | Total: 0.0239
    Step   6000 | Recon: 0.0158 | KL: 0.0001 | Total: 0.0158
    Step   7000 | Recon: 0.0164 | KL: 0.0000 | Total: 0.0165
    Step   8000 | Recon: 0.0151 | KL: 0.0002 | Total: 0.0152
    Step   9000 | Recon: 0.0212 | KL: 0.0000 | Total: 0.0212
    Step  10000 | Recon: 0.0171 | KL: 0.0001 | Total: 0.0172
    Step  11000 | Recon: 0.0186 | KL: 0.0001 | Total: 0.0187
    Step  12000 | Recon: 0.0205 | KL: 0.0000 | Total: 0.0205
    Step  13000 | Recon: 0.0173 | KL: 0.0000 | Total: 0.0173
    Step  14000 | Recon: 0.0149 | KL: 0.0001 | Total: 0.0149
    Step  15000 | Recon: 0.0179 | KL: 0.0000 | Total: 0.0179
    Step  16000 | Recon: 0.0135 | KL: 0.0000 | Total: 0.0136
    Step  17000 | Recon: 0.0146 | KL: 0.0000 | Total: 0.0146
    Step  18000 | Recon: 0.0122 | KL: 0.0000 | Total: 0.0122
    Step  19000 | Recon: 0.0219 | KL: 0.0000 | Total: 0.0219
    Step  20000 | Recon: 0.0192 | KL: 0.0000 | Total: 0.0192
    Step  21000 | Recon: 0.0183 | KL: 0.0000 | Total: 0.0183
    Step  22000 | Recon: 0.0172 | KL: 0.0000 | Total: 0.0172
    Step  23000 | Recon: 0.0127 | KL: 0.0000 | Total: 0.0127
    Step  24000 | Recon: 0.0153 | KL: 0.0000 | Total: 0.0153
    Step  25000 | Recon: 0.0204 | KL: 0.0000 | Total: 0.0204
    Step  26000 | Recon: 0.0207 | KL: 0.0000 | Total: 0.0207
    Step  27000 | Recon: 0.0158 | KL: 0.0000 | Total: 0.0158
    Step  28000 | Recon: 0.0220 | KL: 0.0000 | Total: 0.0220
    Step  29000 | Recon: 0.0160 | KL: 0.0000 | Total: 0.0160
    Step  30000 | Recon: 0.0158 | KL: 0.0000 | Total: 0.0158
    Step  31000 | Recon: 0.0143 | KL: 0.0000 | Total: 0.0143
    Step  32000 | Recon: 0.0228 | KL: 0.0000 | Total: 0.0228
    Step  33000 | Recon: 0.0172 | KL: 0.0000 | Total: 0.0172
    Step  34000 | Recon: 0.0224 | KL: 0.0000 | Total: 0.0224
    Step  35000 | Recon: 0.0132 | KL: 0.0000 | Total: 0.0132
    Step  36000 | Recon: 0.0158 | KL: 0.0000 | Total: 0.0158
    Step  37000 | Recon: 0.0155 | KL: 0.0000 | Total: 0.0155
    Step  38000 | Recon: 0.0187 | KL: 0.0000 | Total: 0.0187
    Step  39000 | Recon: 0.0223 | KL: 0.0000 | Total: 0.0223
    Step  40000 | Recon: 0.0152 | KL: 0.0000 | Total: 0.0152
    Step  41000 | Recon: 0.0204 | KL: 0.0000 | Total: 0.0204
    Step  42000 | Recon: 0.0200 | KL: 0.0000 | Total: 0.0200
    Step  43000 | Recon: 0.0138 | KL: 0.0000 | Total: 0.0139
    Step  44000 | Recon: 0.0216 | KL: 0.0000 | Total: 0.0216
    Step  45000 | Recon: 0.0207 | KL: 0.0000 | Total: 0.0207
    Step  46000 | Recon: 0.0178 | KL: 0.0000 | Total: 0.0178
    Step  47000 | Recon: 0.0155 | KL: 0.0000 | Total: 0.0155
    Step  48000 | Recon: 0.0180 | KL: 0.0000 | Total: 0.0180
    Step  49000 | Recon: 0.0151 | KL: 0.0000 | Total: 0.0151
    Step  50000 | Recon: 0.0217 | KL: 0.0000 | Total: 0.0217

  Final Results:
    Recon Loss: 0.021728
    KL Loss: 0.000001
    Training Time: 878.8s

============================================================
Running S15 with seed 42
============================================================
  Collecting initial episodes...
  Buffer size: 1654 transitions
  Starting training for 50000 steps...
    Step   1000 | Recon: 0.0196 | KL: 0.0000 | Total: 0.0196
    Step   2000 | Recon: 0.0223 | KL: 0.0000 | Total: 0.0223
    Step   3000 | Recon: 0.0121 | KL: 0.0001 | Total: 0.0122
    Step   4000 | Recon: 0.0176 | KL: 0.0001 | Total: 0.0177
    Step   5000 | Recon: 0.0165 | KL: 0.0001 | Total: 0.0165
    Step   6000 | Recon: 0.0208 | KL: 0.0001 | Total: 0.0209
    Step   7000 | Recon: 0.0175 | KL: 0.0001 | Total: 0.0176
    Step   8000 | Recon: 0.0208 | KL: 0.0000 | Total: 0.0208
    Step   9000 | Recon: 0.0173 | KL: 0.0001 | Total: 0.0173
    Step  10000 | Recon: 0.0216 | KL: 0.0001 | Total: 0.0216
    Step  11000 | Recon: 0.0176 | KL: 0.0000 | Total: 0.0176
    Step  12000 | Recon: 0.0148 | KL: 0.0000 | Total: 0.0148
    Step  13000 | Recon: 0.0142 | KL: 0.0001 | Total: 0.0142
    Step  14000 | Recon: 0.0153 | KL: 0.0001 | Total: 0.0153
    Step  15000 | Recon: 0.0170 | KL: 0.0000 | Total: 0.0170
    Step  16000 | Recon: 0.0158 | KL: 0.0000 | Total: 0.0158
    Step  17000 | Recon: 0.0191 | KL: 0.0001 | Total: 0.0191
    Step  18000 | Recon: 0.0180 | KL: 0.0000 | Total: 0.0180
    Step  19000 | Recon: 0.0164 | KL: 0.0000 | Total: 0.0164
    Step  20000 | Recon: 0.0225 | KL: 0.0000 | Total: 0.0225
    Step  21000 | Recon: 0.0259 | KL: 0.0000 | Total: 0.0259
    Step  22000 | Recon: 0.0151 | KL: 0.0000 | Total: 0.0151
    Step  23000 | Recon: 0.0090 | KL: 0.0001 | Total: 0.0091
    Step  24000 | Recon: 0.0193 | KL: 0.0000 | Total: 0.0193
    Step  25000 | Recon: 0.0168 | KL: 0.0000 | Total: 0.0168
    Step  26000 | Recon: 0.0190 | KL: 0.0000 | Total: 0.0190
    Step  27000 | Recon: 0.0149 | KL: 0.0000 | Total: 0.0149
    Step  28000 | Recon: 0.0136 | KL: 0.0000 | Total: 0.0136
    Step  29000 | Recon: 0.0171 | KL: 0.0000 | Total: 0.0171
    Step  30000 | Recon: 0.0185 | KL: 0.0000 | Total: 0.0185
    Step  31000 | Recon: 0.0183 | KL: 0.0000 | Total: 0.0184
    Step  32000 | Recon: 0.0164 | KL: 0.0000 | Total: 0.0164
    Step  33000 | Recon: 0.0185 | KL: 0.0000 | Total: 0.0185
    Step  34000 | Recon: 0.0176 | KL: 0.0000 | Total: 0.0176
    Step  35000 | Recon: 0.0162 | KL: 0.0000 | Total: 0.0162
    Step  36000 | Recon: 0.0164 | KL: 0.0000 | Total: 0.0164
    Step  37000 | Recon: 0.0153 | KL: 0.0000 | Total: 0.0153
    Step  38000 | Recon: 0.0183 | KL: 0.0000 | Total: 0.0183
    Step  39000 | Recon: 0.0148 | KL: 0.0000 | Total: 0.0148
    Step  40000 | Recon: 0.0210 | KL: 0.0000 | Total: 0.0210
    Step  41000 | Recon: 0.0171 | KL: 0.0000 | Total: 0.0171
    Step  42000 | Recon: 0.0120 | KL: 0.0000 | Total: 0.0120
    Step  43000 | Recon: 0.0198 | KL: 0.0000 | Total: 0.0198
    Step  44000 | Recon: 0.0129 | KL: 0.0000 | Total: 0.0129
    Step  45000 | Recon: 0.0203 | KL: 0.0000 | Total: 0.0203
    Step  46000 | Recon: 0.0155 | KL: 0.0000 | Total: 0.0155
    Step  47000 | Recon: 0.0163 | KL: 0.0000 | Total: 0.0163
    Step  48000 | Recon: 0.0169 | KL: 0.0000 | Total: 0.0169
    Step  49000 | Recon: 0.0186 | KL: 0.0000 | Total: 0.0186
    Step  50000 | Recon: 0.0195 | KL: 0.0000 | Total: 0.0195

  Final Results:
    Recon Loss: 0.019500
    KL Loss: 0.000002
    Training Time: 1051.6s

============================================================
Running S7 with seed 153
============================================================
  Collecting initial episodes...
  Buffer size: 1575 transitions
  Starting training for 50000 steps...
    Step   1000 | Recon: 0.0192 | KL: 0.0000 | Total: 0.0192
    Step   2000 | Recon: 0.0166 | KL: 0.0001 | Total: 0.0166
    Step   3000 | Recon: 0.0107 | KL: 0.0000 | Total: 0.0107
    Step   4000 | Recon: 0.0133 | KL: 0.0000 | Total: 0.0133
    Step   5000 | Recon: 0.0171 | KL: 0.0001 | Total: 0.0172
    Step   6000 | Recon: 0.0159 | KL: 0.0001 | Total: 0.0160
    Step   7000 | Recon: 0.0177 | KL: 0.0001 | Total: 0.0177
    Step   8000 | Recon: 0.0188 | KL: 0.0000 | Total: 0.0188
    Step   9000 | Recon: 0.0180 | KL: 0.0001 | Total: 0.0180
    Step  10000 | Recon: 0.0165 | KL: 0.0001 | Total: 0.0166
    Step  11000 | Recon: 0.0147 | KL: 0.0001 | Total: 0.0147
    Step  12000 | Recon: 0.0139 | KL: 0.0000 | Total: 0.0139
    Step  13000 | Recon: 0.0190 | KL: 0.0001 | Total: 0.0190
    Step  14000 | Recon: 0.0172 | KL: 0.0000 | Total: 0.0172
    Step  15000 | Recon: 0.0125 | KL: 0.0000 | Total: 0.0125
    Step  16000 | Recon: 0.0193 | KL: 0.0000 | Total: 0.0193
    Step  17000 | Recon: 0.0145 | KL: 0.0000 | Total: 0.0145
    Step  18000 | Recon: 0.0141 | KL: 0.0000 | Total: 0.0141
    Step  19000 | Recon: 0.0123 | KL: 0.0000 | Total: 0.0124
    Step  20000 | Recon: 0.0174 | KL: 0.0000 | Total: 0.0174
    Step  21000 | Recon: 0.0198 | KL: 0.0000 | Total: 0.0198
    Step  22000 | Recon: 0.0135 | KL: 0.0000 | Total: 0.0135
    Step  23000 | Recon: 0.0140 | KL: 0.0000 | Total: 0.0140
    Step  24000 | Recon: 0.0113 | KL: 0.0000 | Total: 0.0113
    Step  25000 | Recon: 0.0134 | KL: 0.0000 | Total: 0.0134
    Step  26000 | Recon: 0.0136 | KL: 0.0000 | Total: 0.0136
    Step  27000 | Recon: 0.0165 | KL: 0.0000 | Total: 0.0165
    Step  28000 | Recon: 0.0164 | KL: 0.0000 | Total: 0.0165
    Step  29000 | Recon: 0.0190 | KL: 0.0000 | Total: 0.0190
    Step  30000 | Recon: 0.0150 | KL: 0.0000 | Total: 0.0150
    Step  31000 | Recon: 0.0181 | KL: 0.0000 | Total: 0.0181
    Step  32000 | Recon: 0.0175 | KL: 0.0000 | Total: 0.0176
    Step  33000 | Recon: 0.0178 | KL: 0.0000 | Total: 0.0178
    Step  34000 | Recon: 0.0135 | KL: 0.0000 | Total: 0.0135
    Step  35000 | Recon: 0.0158 | KL: 0.0000 | Total: 0.0158
    Step  36000 | Recon: 0.0164 | KL: 0.0000 | Total: 0.0164
    Step  37000 | Recon: 0.0137 | KL: 0.0000 | Total: 0.0137
    Step  38000 | Recon: 0.0139 | KL: 0.0000 | Total: 0.0139
    Step  39000 | Recon: 0.0116 | KL: 0.0000 | Total: 0.0116
    Step  40000 | Recon: 0.0170 | KL: 0.0000 | Total: 0.0170
    Step  41000 | Recon: 0.0154 | KL: 0.0000 | Total: 0.0154
    Step  42000 | Recon: 0.0213 | KL: 0.0000 | Total: 0.0213
    Step  43000 | Recon: 0.0138 | KL: 0.0000 | Total: 0.0138
    Step  44000 | Recon: 0.0161 | KL: 0.0000 | Total: 0.0161
    Step  45000 | Recon: 0.0069 | KL: 0.0000 | Total: 0.0069
    Step  46000 | Recon: 0.0057 | KL: 0.0000 | Total: 0.0058
    Step  47000 | Recon: 0.0080 | KL: 0.0000 | Total: 0.0081
    Step  48000 | Recon: 0.0042 | KL: 0.0000 | Total: 0.0042
    Step  49000 | Recon: 0.0053 | KL: 0.0000 | Total: 0.0053
    Step  50000 | Recon: 0.0051 | KL: 0.0000 | Total: 0.0051

  Final Results:
    Recon Loss: 0.005101
    KL Loss: 0.000037
    Training Time: 867.3s

============================================================
Running S15 with seed 153
============================================================
  Collecting initial episodes...
  Buffer size: 1582 transitions
  Starting training for 50000 steps...
    Step   1000 | Recon: 0.0185 | KL: 0.0000 | Total: 0.0185
    Step   2000 | Recon: 0.0207 | KL: 0.0000 | Total: 0.0207
    Step   3000 | Recon: 0.0176 | KL: 0.0001 | Total: 0.0177
    Step   4000 | Recon: 0.0176 | KL: 0.0000 | Total: 0.0176
    Step   5000 | Recon: 0.0204 | KL: 0.0001 | Total: 0.0204
    Step   6000 | Recon: 0.0160 | KL: 0.0000 | Total: 0.0160
    Step   7000 | Recon: 0.0152 | KL: 0.0001 | Total: 0.0152
    Step   8000 | Recon: 0.0175 | KL: 0.0000 | Total: 0.0175
    Step   9000 | Recon: 0.0163 | KL: 0.0001 | Total: 0.0163
    Step  10000 | Recon: 0.0164 | KL: 0.0000 | Total: 0.0164
    Step  11000 | Recon: 0.0178 | KL: 0.0000 | Total: 0.0178
    Step  12000 | Recon: 0.0145 | KL: 0.0000 | Total: 0.0145
    Step  13000 | Recon: 0.0165 | KL: 0.0000 | Total: 0.0165
    Step  14000 | Recon: 0.0153 | KL: 0.0000 | Total: 0.0153
    Step  15000 | Recon: 0.0163 | KL: 0.0000 | Total: 0.0163
    Step  16000 | Recon: 0.0156 | KL: 0.0000 | Total: 0.0156
    Step  17000 | Recon: 0.0206 | KL: 0.0000 | Total: 0.0207
    Step  18000 | Recon: 0.0119 | KL: 0.0000 | Total: 0.0119
    Step  19000 | Recon: 0.0130 | KL: 0.0000 | Total: 0.0130
    Step  20000 | Recon: 0.0150 | KL: 0.0000 | Total: 0.0150
    Step  21000 | Recon: 0.0207 | KL: 0.0000 | Total: 0.0207
    Step  22000 | Recon: 0.0160 | KL: 0.0000 | Total: 0.0160
    Step  23000 | Recon: 0.0192 | KL: 0.0000 | Total: 0.0192
    Step  24000 | Recon: 0.0223 | KL: 0.0000 | Total: 0.0223
    Step  25000 | Recon: 0.0167 | KL: 0.0000 | Total: 0.0167
    Step  26000 | Recon: 0.0157 | KL: 0.0000 | Total: 0.0157
    Step  27000 | Recon: 0.0206 | KL: 0.0000 | Total: 0.0206
    Step  28000 | Recon: 0.0178 | KL: 0.0000 | Total: 0.0178
    Step  29000 | Recon: 0.0146 | KL: 0.0000 | Total: 0.0146
    Step  30000 | Recon: 0.0075 | KL: 0.0001 | Total: 0.0076
    Step  31000 | Recon: 0.0084 | KL: 0.0000 | Total: 0.0084
    Step  32000 | Recon: 0.0099 | KL: 0.0000 | Total: 0.0099
    Step  33000 | Recon: 0.0095 | KL: 0.0000 | Total: 0.0096
    Step  34000 | Recon: 0.0081 | KL: 0.0000 | Total: 0.0081
    Step  35000 | Recon: 0.0078 | KL: 0.0002 | Total: 0.0079
    Step  36000 | Recon: 0.0057 | KL: 0.0000 | Total: 0.0057
    Step  37000 | Recon: 0.0083 | KL: 0.0000 | Total: 0.0083
    Step  38000 | Recon: 0.0063 | KL: 0.0001 | Total: 0.0064
    Step  39000 | Recon: 0.0046 | KL: 0.0000 | Total: 0.0046
    Step  40000 | Recon: 0.0057 | KL: 0.0000 | Total: 0.0057
    Step  41000 | Recon: 0.0054 | KL: 0.0000 | Total: 0.0054
    Step  42000 | Recon: 0.0042 | KL: 0.0001 | Total: 0.0043
    Step  43000 | Recon: 0.0044 | KL: 0.0000 | Total: 0.0044
    Step  44000 | Recon: 0.0038 | KL: 0.0000 | Total: 0.0038
    Step  45000 | Recon: 0.0034 | KL: 0.0000 | Total: 0.0034
    Step  46000 | Recon: 0.0031 | KL: 0.0000 | Total: 0.0031
    Step  47000 | Recon: 0.0030 | KL: 0.0001 | Total: 0.0031
    Step  48000 | Recon: 0.0036 | KL: 0.0000 | Total: 0.0036
    Step  49000 | Recon: 0.0029 | KL: 0.0000 | Total: 0.0029
    Step  50000 | Recon: 0.0033 | KL: 0.0000 | Total: 0.0033

  Final Results:
    Recon Loss: 0.003300
    KL Loss: 0.000011
    Training Time: 1054.2s

============================================================
Running S7 with seed 264
============================================================
  Collecting initial episodes...
  Buffer size: 1808 transitions
  Starting training for 50000 steps...
    Step   1000 | Recon: 0.0173 | KL: 0.0000 | Total: 0.0173
    Step   2000 | Recon: 0.0167 | KL: 0.0001 | Total: 0.0168
    Step   3000 | Recon: 0.0220 | KL: 0.0002 | Total: 0.0221
    Step   4000 | Recon: 0.0187 | KL: 0.0001 | Total: 0.0187
    Step   5000 | Recon: 0.0156 | KL: 0.0001 | Total: 0.0157
    Step   6000 | Recon: 0.0174 | KL: 0.0000 | Total: 0.0174
    Step   7000 | Recon: 0.0205 | KL: 0.0001 | Total: 0.0206
    Step   8000 | Recon: 0.0206 | KL: 0.0000 | Total: 0.0206
    Step   9000 | Recon: 0.0186 | KL: 0.0001 | Total: 0.0186
    Step  10000 | Recon: 0.0228 | KL: 0.0001 | Total: 0.0229
    Step  11000 | Recon: 0.0195 | KL: 0.0000 | Total: 0.0195
    Step  12000 | Recon: 0.0194 | KL: 0.0000 | Total: 0.0194
    Step  13000 | Recon: 0.0204 | KL: 0.0000 | Total: 0.0204
    Step  14000 | Recon: 0.0233 | KL: 0.0000 | Total: 0.0233
    Step  15000 | Recon: 0.0204 | KL: 0.0000 | Total: 0.0205
    Step  16000 | Recon: 0.0221 | KL: 0.0000 | Total: 0.0221
    Step  17000 | Recon: 0.0171 | KL: 0.0000 | Total: 0.0171
    Step  18000 | Recon: 0.0237 | KL: 0.0000 | Total: 0.0237
    Step  19000 | Recon: 0.0188 | KL: 0.0000 | Total: 0.0188
    Step  20000 | Recon: 0.0152 | KL: 0.0000 | Total: 0.0152
    Step  21000 | Recon: 0.0208 | KL: 0.0000 | Total: 0.0208
    Step  22000 | Recon: 0.0084 | KL: 0.0000 | Total: 0.0084
    Step  23000 | Recon: 0.0112 | KL: 0.0000 | Total: 0.0112
    Step  24000 | Recon: 0.0084 | KL: 0.0000 | Total: 0.0084
    Step  25000 | Recon: 0.0061 | KL: 0.0001 | Total: 0.0062
    Step  26000 | Recon: 0.0056 | KL: 0.0000 | Total: 0.0056
    Step  27000 | Recon: 0.0047 | KL: 0.0000 | Total: 0.0047
    Step  28000 | Recon: 0.0051 | KL: 0.0000 | Total: 0.0051
    Step  29000 | Recon: 0.0041 | KL: 0.0000 | Total: 0.0042
    Step  30000 | Recon: 0.0028 | KL: 0.0000 | Total: 0.0028
    Step  31000 | Recon: 0.0034 | KL: 0.0001 | Total: 0.0034
    Step  32000 | Recon: 0.0037 | KL: 0.0000 | Total: 0.0037
    Step  33000 | Recon: 0.0024 | KL: 0.0001 | Total: 0.0025
    Step  34000 | Recon: 0.0038 | KL: 0.0000 | Total: 0.0038
    Step  35000 | Recon: 0.0041 | KL: 0.0000 | Total: 0.0041
    Step  36000 | Recon: 0.0023 | KL: 0.0000 | Total: 0.0024
    Step  37000 | Recon: 0.0025 | KL: 0.0000 | Total: 0.0025
    Step  38000 | Recon: 0.0018 | KL: 0.0000 | Total: 0.0018
    Step  39000 | Recon: 0.0018 | KL: 0.0000 | Total: 0.0018
    Step  40000 | Recon: 0.0023 | KL: 0.0000 | Total: 0.0023
    Step  41000 | Recon: 0.0027 | KL: 0.0000 | Total: 0.0027
    Step  42000 | Recon: 0.0022 | KL: 0.0000 | Total: 0.0022
    Step  43000 | Recon: 0.0021 | KL: 0.0000 | Total: 0.0022
    Step  44000 | Recon: 0.0026 | KL: 0.0000 | Total: 0.0026
    Step  45000 | Recon: 0.0021 | KL: 0.0000 | Total: 0.0021
    Step  46000 | Recon: 0.0018 | KL: 0.0001 | Total: 0.0019
    Step  47000 | Recon: 0.0018 | KL: 0.0000 | Total: 0.0018
    Step  48000 | Recon: 0.0015 | KL: 0.0000 | Total: 0.0015
    Step  49000 | Recon: 0.0013 | KL: 0.0000 | Total: 0.0013
    Step  50000 | Recon: 0.0019 | KL: 0.0000 | Total: 0.0019

  Final Results:
    Recon Loss: 0.001928
    KL Loss: 0.000003
    Training Time: 869.5s

============================================================
Running S15 with seed 264
============================================================
  Collecting initial episodes...
  Buffer size: 1496 transitions
  Starting training for 50000 steps...
    Step   1000 | Recon: 0.0211 | KL: 0.0000 | Total: 0.0211
    Step   2000 | Recon: 0.0181 | KL: 0.0000 | Total: 0.0181
    Step   3000 | Recon: 0.0236 | KL: 0.0001 | Total: 0.0236
    Step   4000 | Recon: 0.0237 | KL: 0.0001 | Total: 0.0238
    Step   5000 | Recon: 0.0185 | KL: 0.0001 | Total: 0.0186
    Step   6000 | Recon: 0.0218 | KL: 0.0001 | Total: 0.0219
    Step   7000 | Recon: 0.0168 | KL: 0.0001 | Total: 0.0169
    Step   8000 | Recon: 0.0212 | KL: 0.0001 | Total: 0.0212
    Step   9000 | Recon: 0.0251 | KL: 0.0000 | Total: 0.0251
    Step  10000 | Recon: 0.0268 | KL: 0.0001 | Total: 0.0269
    Step  11000 | Recon: 0.0159 | KL: 0.0001 | Total: 0.0159
    Step  12000 | Recon: 0.0228 | KL: 0.0000 | Total: 0.0228
    Step  13000 | Recon: 0.0220 | KL: 0.0001 | Total: 0.0221
    Step  14000 | Recon: 0.0250 | KL: 0.0000 | Total: 0.0250
    Step  15000 | Recon: 0.0189 | KL: 0.0000 | Total: 0.0189
    Step  16000 | Recon: 0.0175 | KL: 0.0000 | Total: 0.0175
    Step  17000 | Recon: 0.0250 | KL: 0.0000 | Total: 0.0250
    Step  18000 | Recon: 0.0192 | KL: 0.0000 | Total: 0.0192
    Step  19000 | Recon: 0.0214 | KL: 0.0000 | Total: 0.0214
    Step  20000 | Recon: 0.0219 | KL: 0.0000 | Total: 0.0219
    Step  21000 | Recon: 0.0216 | KL: 0.0000 | Total: 0.0216
    Step  22000 | Recon: 0.0200 | KL: 0.0000 | Total: 0.0200
    Step  23000 | Recon: 0.0146 | KL: 0.0000 | Total: 0.0146
    Step  24000 | Recon: 0.0208 | KL: 0.0001 | Total: 0.0209
    Step  25000 | Recon: 0.0240 | KL: 0.0000 | Total: 0.0240
    Step  26000 | Recon: 0.0186 | KL: 0.0000 | Total: 0.0186
    Step  27000 | Recon: 0.0171 | KL: 0.0000 | Total: 0.0171
    Step  28000 | Recon: 0.0217 | KL: 0.0000 | Total: 0.0217
    Step  29000 | Recon: 0.0178 | KL: 0.0000 | Total: 0.0178
    Step  30000 | Recon: 0.0197 | KL: 0.0000 | Total: 0.0197
    Step  31000 | Recon: 0.0220 | KL: 0.0000 | Total: 0.0220
    Step  32000 | Recon: 0.0201 | KL: 0.0000 | Total: 0.0201
    Step  33000 | Recon: 0.0216 | KL: 0.0000 | Total: 0.0216
    Step  34000 | Recon: 0.0233 | KL: 0.0000 | Total: 0.0233
    Step  35000 | Recon: 0.0187 | KL: 0.0000 | Total: 0.0187
    Step  36000 | Recon: 0.0176 | KL: 0.0000 | Total: 0.0176
    Step  37000 | Recon: 0.0265 | KL: 0.0000 | Total: 0.0265
    Step  38000 | Recon: 0.0257 | KL: 0.0000 | Total: 0.0257
    Step  39000 | Recon: 0.0237 | KL: 0.0000 | Total: 0.0237
    Step  40000 | Recon: 0.0244 | KL: 0.0000 | Total: 0.0244
    Step  41000 | Recon: 0.0211 | KL: 0.0000 | Total: 0.0211
    Step  42000 | Recon: 0.0235 | KL: 0.0000 | Total: 0.0235
    Step  43000 | Recon: 0.0198 | KL: 0.0000 | Total: 0.0198
    Step  44000 | Recon: 0.0181 | KL: 0.0000 | Total: 0.0181
    Step  45000 | Recon: 0.0261 | KL: 0.0000 | Total: 0.0261
    Step  46000 | Recon: 0.0155 | KL: 0.0000 | Total: 0.0155
    Step  47000 | Recon: 0.0255 | KL: 0.0000 | Total: 0.0255
    Step  48000 | Recon: 0.0196 | KL: 0.0000 | Total: 0.0196
    Step  49000 | Recon: 0.0188 | KL: 0.0000 | Total: 0.0188
    Step  50000 | Recon: 0.0214 | KL: 0.0000 | Total: 0.0214

  Final Results:
    Recon Loss: 0.021386
    KL Loss: 0.000001
    Training Time: 1051.7s

============================================================
Running S7 with seed 375
============================================================
  Collecting initial episodes...
  Buffer size: 1393 transitions
  Starting training for 50000 steps...
    Step   1000 | Recon: 0.0196 | KL: 0.0000 | Total: 0.0196
    Step   2000 | Recon: 0.0224 | KL: 0.0001 | Total: 0.0225
    Step   3000 | Recon: 0.0204 | KL: 0.0000 | Total: 0.0204
    Step   4000 | Recon: 0.0163 | KL: 0.0000 | Total: 0.0163
    Step   5000 | Recon: 0.0180 | KL: 0.0002 | Total: 0.0181
    Step   6000 | Recon: 0.0163 | KL: 0.0001 | Total: 0.0164
    Step   7000 | Recon: 0.0171 | KL: 0.0001 | Total: 0.0172
    Step   8000 | Recon: 0.0221 | KL: 0.0001 | Total: 0.0222
    Step   9000 | Recon: 0.0163 | KL: 0.0001 | Total: 0.0163
    Step  10000 | Recon: 0.0163 | KL: 0.0001 | Total: 0.0163
    Step  11000 | Recon: 0.0153 | KL: 0.0000 | Total: 0.0153
    Step  12000 | Recon: 0.0209 | KL: 0.0000 | Total: 0.0209
    Step  13000 | Recon: 0.0185 | KL: 0.0000 | Total: 0.0185
    Step  14000 | Recon: 0.0169 | KL: 0.0000 | Total: 0.0169
    Step  15000 | Recon: 0.0155 | KL: 0.0001 | Total: 0.0156
    Step  16000 | Recon: 0.0142 | KL: 0.0001 | Total: 0.0143
    Step  17000 | Recon: 0.0161 | KL: 0.0000 | Total: 0.0161
    Step  18000 | Recon: 0.0198 | KL: 0.0000 | Total: 0.0198
    Step  19000 | Recon: 0.0182 | KL: 0.0000 | Total: 0.0182
    Step  20000 | Recon: 0.0184 | KL: 0.0000 | Total: 0.0184
    Step  21000 | Recon: 0.0189 | KL: 0.0000 | Total: 0.0189
    Step  22000 | Recon: 0.0198 | KL: 0.0000 | Total: 0.0198
    Step  23000 | Recon: 0.0142 | KL: 0.0000 | Total: 0.0142
    Step  24000 | Recon: 0.0168 | KL: 0.0000 | Total: 0.0168
    Step  25000 | Recon: 0.0169 | KL: 0.0000 | Total: 0.0169
    Step  26000 | Recon: 0.0202 | KL: 0.0000 | Total: 0.0202
    Step  27000 | Recon: 0.0148 | KL: 0.0000 | Total: 0.0148
    Step  28000 | Recon: 0.0203 | KL: 0.0000 | Total: 0.0203
    Step  29000 | Recon: 0.0147 | KL: 0.0000 | Total: 0.0147
    Step  30000 | Recon: 0.0137 | KL: 0.0000 | Total: 0.0137
    Step  31000 | Recon: 0.0157 | KL: 0.0000 | Total: 0.0157
    Step  32000 | Recon: 0.0094 | KL: 0.0000 | Total: 0.0094
    Step  33000 | Recon: 0.0056 | KL: 0.0001 | Total: 0.0056
    Step  34000 | Recon: 0.0076 | KL: 0.0000 | Total: 0.0076
    Step  35000 | Recon: 0.0074 | KL: 0.0000 | Total: 0.0074
    Step  36000 | Recon: 0.0117 | KL: 0.0001 | Total: 0.0118
    Step  37000 | Recon: 0.0085 | KL: 0.0002 | Total: 0.0087
    Step  38000 | Recon: 0.0054 | KL: 0.0003 | Total: 0.0056
    Step  39000 | Recon: 0.0034 | KL: 0.0000 | Total: 0.0035
    Step  40000 | Recon: 0.0055 | KL: 0.0001 | Total: 0.0056
    Step  41000 | Recon: 0.0039 | KL: 0.0001 | Total: 0.0039
    Step  42000 | Recon: 0.0044 | KL: 0.0001 | Total: 0.0045
    Step  43000 | Recon: 0.0041 | KL: 0.0001 | Total: 0.0042
    Step  44000 | Recon: 0.0028 | KL: 0.0006 | Total: 0.0032
    Step  45000 | Recon: 0.0033 | KL: 0.0000 | Total: 0.0033
    Step  46000 | Recon: 0.0026 | KL: 0.0001 | Total: 0.0027
    Step  47000 | Recon: 0.0028 | KL: 0.0000 | Total: 0.0028
    Step  48000 | Recon: 0.0035 | KL: 0.0001 | Total: 0.0036
    Step  49000 | Recon: 0.0030 | KL: 0.0000 | Total: 0.0030
    Step  50000 | Recon: 0.0027 | KL: 0.0000 | Total: 0.0027

  Final Results:
    Recon Loss: 0.002658
    KL Loss: 0.000017
    Training Time: 875.7s

============================================================
Running S15 with seed 375
============================================================
  Collecting initial episodes...
  Buffer size: 1626 transitions
  Starting training for 50000 steps...
    Step   1000 | Recon: 0.0104 | KL: 0.0000 | Total: 0.0104
    Step   2000 | Recon: 0.0080 | KL: 0.0001 | Total: 0.0080
    Step   3000 | Recon: 0.0048 | KL: 0.0001 | Total: 0.0049
    Step   4000 | Recon: 0.0046 | KL: 0.0001 | Total: 0.0047
    Step   5000 | Recon: 0.0050 | KL: 0.0000 | Total: 0.0051
    Step   6000 | Recon: 0.0056 | KL: 0.0002 | Total: 0.0058
    Step   7000 | Recon: 0.0023 | KL: 0.0001 | Total: 0.0023
    Step   8000 | Recon: 0.0039 | KL: 0.0000 | Total: 0.0039
    Step   9000 | Recon: 0.0019 | KL: 0.0002 | Total: 0.0020
    Step  10000 | Recon: 0.0026 | KL: 0.0000 | Total: 0.0026
    Step  11000 | Recon: 0.0031 | KL: 0.0006 | Total: 0.0036
    Step  12000 | Recon: 0.0024 | KL: 0.0001 | Total: 0.0026
    Step  13000 | Recon: 0.0017 | KL: 0.0002 | Total: 0.0018
    Step  14000 | Recon: 0.0016 | KL: 0.0000 | Total: 0.0017
    Step  15000 | Recon: 0.0016 | KL: 0.0000 | Total: 0.0016
    Step  16000 | Recon: 0.0016 | KL: 0.0001 | Total: 0.0017
    Step  17000 | Recon: 0.0018 | KL: 0.0000 | Total: 0.0018
    Step  18000 | Recon: 0.0013 | KL: 0.0000 | Total: 0.0013
    Step  19000 | Recon: 0.0027 | KL: 0.0002 | Total: 0.0028
    Step  20000 | Recon: 0.0015 | KL: 0.0001 | Total: 0.0016
    Step  21000 | Recon: 0.0014 | KL: 0.0000 | Total: 0.0014
    Step  22000 | Recon: 0.0015 | KL: 0.0000 | Total: 0.0016
    Step  23000 | Recon: 0.0010 | KL: 0.0000 | Total: 0.0010
    Step  24000 | Recon: 0.0012 | KL: 0.0000 | Total: 0.0012
    Step  25000 | Recon: 0.0009 | KL: 0.0000 | Total: 0.0009
    Step  26000 | Recon: 0.0009 | KL: 0.0000 | Total: 0.0009
    Step  27000 | Recon: 0.0012 | KL: 0.0000 | Total: 0.0012
    Step  28000 | Recon: 0.0015 | KL: 0.0000 | Total: 0.0016
    Step  29000 | Recon: 0.0006 | KL: 0.0000 | Total: 0.0006
    Step  30000 | Recon: 0.0011 | KL: 0.0000 | Total: 0.0011
    Step  31000 | Recon: 0.0012 | KL: 0.0000 | Total: 0.0012
    Step  32000 | Recon: 0.0008 | KL: 0.0000 | Total: 0.0008
    Step  33000 | Recon: 0.0021 | KL: 0.0001 | Total: 0.0022
    Step  34000 | Recon: 0.0008 | KL: 0.0000 | Total: 0.0008
    Step  35000 | Recon: 0.0007 | KL: 0.0000 | Total: 0.0007
    Step  36000 | Recon: 0.0007 | KL: 0.0000 | Total: 0.0007
    Step  37000 | Recon: 0.0006 | KL: 0.0000 | Total: 0.0006
    Step  38000 | Recon: 0.0006 | KL: 0.0000 | Total: 0.0006
    Step  39000 | Recon: 0.0004 | KL: 0.0000 | Total: 0.0005
    Step  40000 | Recon: 0.0009 | KL: 0.0000 | Total: 0.0009
    Step  41000 | Recon: 0.0010 | KL: 0.0000 | Total: 0.0010
    Step  42000 | Recon: 0.0014 | KL: 0.0001 | Total: 0.0015
    Step  43000 | Recon: 0.0011 | KL: 0.0000 | Total: 0.0012
    Step  44000 | Recon: 0.0008 | KL: 0.0000 | Total: 0.0008
    Step  45000 | Recon: 0.0006 | KL: 0.0000 | Total: 0.0006
    Step  46000 | Recon: 0.0012 | KL: 0.0000 | Total: 0.0013
    Step  47000 | Recon: 0.0008 | KL: 0.0000 | Total: 0.0009
    Step  48000 | Recon: 0.0004 | KL: 0.0002 | Total: 0.0006
    Step  49000 | Recon: 0.0007 | KL: 0.0000 | Total: 0.0008
    Step  50000 | Recon: 0.0005 | KL: 0.0000 | Total: 0.0005

  Final Results:
    Recon Loss: 0.000458
    KL Loss: 0.000010
    Training Time: 1068.0s

============================================================
Running S7 with seed 486
============================================================
  Collecting initial episodes...
  Buffer size: 1683 transitions
  Starting training for 50000 steps...
    Step   1000 | Recon: 0.0225 | KL: 0.0000 | Total: 0.0225
    Step   2000 | Recon: 0.0289 | KL: 0.0000 | Total: 0.0289
    Step   3000 | Recon: 0.0168 | KL: 0.0000 | Total: 0.0168
    Step   4000 | Recon: 0.0171 | KL: 0.0001 | Total: 0.0172
    Step   5000 | Recon: 0.0226 | KL: 0.0001 | Total: 0.0227
    Step   6000 | Recon: 0.0242 | KL: 0.0000 | Total: 0.0242
    Step   7000 | Recon: 0.0180 | KL: 0.0000 | Total: 0.0181
    Step   8000 | Recon: 0.0217 | KL: 0.0001 | Total: 0.0218
    Step   9000 | Recon: 0.0202 | KL: 0.0000 | Total: 0.0203
    Step  10000 | Recon: 0.0211 | KL: 0.0001 | Total: 0.0211
    Step  11000 | Recon: 0.0221 | KL: 0.0000 | Total: 0.0221
    Step  12000 | Recon: 0.0190 | KL: 0.0000 | Total: 0.0190
    Step  13000 | Recon: 0.0230 | KL: 0.0000 | Total: 0.0230
    Step  14000 | Recon: 0.0190 | KL: 0.0000 | Total: 0.0190
    Step  15000 | Recon: 0.0224 | KL: 0.0000 | Total: 0.0224
    Step  16000 | Recon: 0.0222 | KL: 0.0000 | Total: 0.0222
    Step  17000 | Recon: 0.0203 | KL: 0.0000 | Total: 0.0203
    Step  18000 | Recon: 0.0156 | KL: 0.0000 | Total: 0.0156
    Step  19000 | Recon: 0.0185 | KL: 0.0000 | Total: 0.0185
    Step  20000 | Recon: 0.0199 | KL: 0.0000 | Total: 0.0199
    Step  21000 | Recon: 0.0223 | KL: 0.0000 | Total: 0.0223
    Step  22000 | Recon: 0.0203 | KL: 0.0000 | Total: 0.0203
    Step  23000 | Recon: 0.0193 | KL: 0.0005 | Total: 0.0198
    Step  24000 | Recon: 0.0165 | KL: 0.0000 | Total: 0.0165
    Step  25000 | Recon: 0.0218 | KL: 0.0000 | Total: 0.0218
    Step  26000 | Recon: 0.0208 | KL: 0.0000 | Total: 0.0208
    Step  27000 | Recon: 0.0224 | KL: 0.0000 | Total: 0.0225
    Step  28000 | Recon: 0.0203 | KL: 0.0000 | Total: 0.0203
    Step  29000 | Recon: 0.0213 | KL: 0.0000 | Total: 0.0213
    Step  30000 | Recon: 0.0212 | KL: 0.0000 | Total: 0.0212
    Step  31000 | Recon: 0.0171 | KL: 0.0000 | Total: 0.0171
    Step  32000 | Recon: 0.0170 | KL: 0.0000 | Total: 0.0170
    Step  33000 | Recon: 0.0185 | KL: 0.0000 | Total: 0.0185
    Step  34000 | Recon: 0.0183 | KL: 0.0000 | Total: 0.0183
    Step  35000 | Recon: 0.0177 | KL: 0.0000 | Total: 0.0177
    Step  36000 | Recon: 0.0189 | KL: 0.0000 | Total: 0.0189
    Step  37000 | Recon: 0.0235 | KL: 0.0000 | Total: 0.0235
    Step  38000 | Recon: 0.0192 | KL: 0.0000 | Total: 0.0192
    Step  39000 | Recon: 0.0210 | KL: 0.0000 | Total: 0.0210
    Step  40000 | Recon: 0.0194 | KL: 0.0000 | Total: 0.0194
    Step  41000 | Recon: 0.0152 | KL: 0.0000 | Total: 0.0152
    Step  42000 | Recon: 0.0211 | KL: 0.0000 | Total: 0.0212
    Step  43000 | Recon: 0.0194 | KL: 0.0000 | Total: 0.0195
    Step  44000 | Recon: 0.0245 | KL: 0.0000 | Total: 0.0245
    Step  45000 | Recon: 0.0212 | KL: 0.0000 | Total: 0.0212
    Step  46000 | Recon: 0.0209 | KL: 0.0000 | Total: 0.0209
    Step  47000 | Recon: 0.0171 | KL: 0.0000 | Total: 0.0171
    Step  48000 | Recon: 0.0263 | KL: 0.0000 | Total: 0.0263
    Step  49000 | Recon: 0.0206 | KL: 0.0000 | Total: 0.0206
    Step  50000 | Recon: 0.0227 | KL: 0.0000 | Total: 0.0227

  Final Results:
    Recon Loss: 0.022736
    KL Loss: 0.000001
    Training Time: 869.3s

============================================================
Running S15 with seed 486
============================================================
  Collecting initial episodes...
  Buffer size: 1718 transitions
  Starting training for 50000 steps...
    Step   1000 | Recon: 0.0236 | KL: 0.0000 | Total: 0.0236
    Step   2000 | Recon: 0.0168 | KL: 0.0000 | Total: 0.0168
    Step   3000 | Recon: 0.0182 | KL: 0.0001 | Total: 0.0182
    Step   4000 | Recon: 0.0108 | KL: 0.0001 | Total: 0.0109
    Step   5000 | Recon: 0.0201 | KL: 0.0001 | Total: 0.0201
    Step   6000 | Recon: 0.0185 | KL: 0.0000 | Total: 0.0185
    Step   7000 | Recon: 0.0155 | KL: 0.0000 | Total: 0.0155
    Step   8000 | Recon: 0.0159 | KL: 0.0001 | Total: 0.0160
    Step   9000 | Recon: 0.0167 | KL: 0.0000 | Total: 0.0168
    Step  10000 | Recon: 0.0140 | KL: 0.0001 | Total: 0.0140
    Step  11000 | Recon: 0.0148 | KL: 0.0000 | Total: 0.0148
    Step  12000 | Recon: 0.0175 | KL: 0.0000 | Total: 0.0175
    Step  13000 | Recon: 0.0153 | KL: 0.0000 | Total: 0.0153
    Step  14000 | Recon: 0.0203 | KL: 0.0000 | Total: 0.0204
    Step  15000 | Recon: 0.0188 | KL: 0.0000 | Total: 0.0188
    Step  16000 | Recon: 0.0155 | KL: 0.0000 | Total: 0.0155
    Step  17000 | Recon: 0.0053 | KL: 0.0000 | Total: 0.0053
    Step  18000 | Recon: 0.0091 | KL: 0.0007 | Total: 0.0097
    Step  19000 | Recon: 0.0065 | KL: 0.0000 | Total: 0.0065
    Step  20000 | Recon: 0.0060 | KL: 0.0000 | Total: 0.0060
    Step  21000 | Recon: 0.0093 | KL: 0.0002 | Total: 0.0094
    Step  22000 | Recon: 0.0049 | KL: 0.0000 | Total: 0.0049
    Step  23000 | Recon: 0.0040 | KL: 0.0001 | Total: 0.0041
    Step  24000 | Recon: 0.0066 | KL: 0.0000 | Total: 0.0066
    Step  25000 | Recon: 0.0043 | KL: 0.0001 | Total: 0.0044
    Step  26000 | Recon: 0.0044 | KL: 0.0001 | Total: 0.0045
    Step  27000 | Recon: 0.0039 | KL: 0.0000 | Total: 0.0039
    Step  28000 | Recon: 0.0033 | KL: 0.0000 | Total: 0.0034
    Step  29000 | Recon: 0.0032 | KL: 0.0000 | Total: 0.0032
    Step  30000 | Recon: 0.0036 | KL: 0.0001 | Total: 0.0036
    Step  31000 | Recon: 0.0023 | KL: 0.0000 | Total: 0.0023
    Step  32000 | Recon: 0.0040 | KL: 0.0001 | Total: 0.0041
    Step  33000 | Recon: 0.0030 | KL: 0.0000 | Total: 0.0031
    Step  34000 | Recon: 0.0025 | KL: 0.0005 | Total: 0.0029
    Step  35000 | Recon: 0.0025 | KL: 0.0000 | Total: 0.0025
    Step  36000 | Recon: 0.0026 | KL: 0.0000 | Total: 0.0026
    Step  37000 | Recon: 0.0027 | KL: 0.0000 | Total: 0.0028
    Step  38000 | Recon: 0.0022 | KL: 0.0000 | Total: 0.0022
    Step  39000 | Recon: 0.0020 | KL: 0.0000 | Total: 0.0020
    Step  40000 | Recon: 0.0016 | KL: 0.0000 | Total: 0.0016
    Step  41000 | Recon: 0.0023 | KL: 0.0000 | Total: 0.0023
    Step  42000 | Recon: 0.0027 | KL: 0.0000 | Total: 0.0027
    Step  43000 | Recon: 0.0020 | KL: 0.0000 | Total: 0.0020
    Step  44000 | Recon: 0.0027 | KL: 0.0000 | Total: 0.0027
    Step  45000 | Recon: 0.0030 | KL: 0.0000 | Total: 0.0031
    Step  46000 | Recon: 0.0035 | KL: 0.0001 | Total: 0.0035
    Step  47000 | Recon: 0.0018 | KL: 0.0000 | Total: 0.0018
    Step  48000 | Recon: 0.0021 | KL: 0.0000 | Total: 0.0021
    Step  49000 | Recon: 0.0028 | KL: 0.0001 | Total: 0.0029
    Step  50000 | Recon: 0.0029 | KL: 0.0000 | Total: 0.0030

  Final Results:
    Recon Loss: 0.002947
    KL Loss: 0.000016
    Training Time: 1010.8s

============================================================
Running S7 with seed 597
============================================================
  Collecting initial episodes...
  Buffer size: 1904 transitions
  Starting training for 50000 steps...
    Step   1000 | Recon: 0.0218 | KL: 0.0000 | Total: 0.0218
    Step   2000 | Recon: 0.0172 | KL: 0.0000 | Total: 0.0172
    Step   3000 | Recon: 0.0139 | KL: 0.0000 | Total: 0.0140
    Step   4000 | Recon: 0.0161 | KL: 0.0001 | Total: 0.0162
    Step   5000 | Recon: 0.0208 | KL: 0.0001 | Total: 0.0209
    Step   6000 | Recon: 0.0178 | KL: 0.0000 | Total: 0.0178
    Step   7000 | Recon: 0.0174 | KL: 0.0001 | Total: 0.0175
    Step   8000 | Recon: 0.0163 | KL: 0.0001 | Total: 0.0164
    Step   9000 | Recon: 0.0174 | KL: 0.0000 | Total: 0.0174
    Step  10000 | Recon: 0.0160 | KL: 0.0001 | Total: 0.0160
    Step  11000 | Recon: 0.0236 | KL: 0.0001 | Total: 0.0236
    Step  12000 | Recon: 0.0167 | KL: 0.0000 | Total: 0.0167
    Step  13000 | Recon: 0.0222 | KL: 0.0000 | Total: 0.0222
    Step  14000 | Recon: 0.0180 | KL: 0.0000 | Total: 0.0180
    Step  15000 | Recon: 0.0164 | KL: 0.0001 | Total: 0.0165
    Step  16000 | Recon: 0.0205 | KL: 0.0000 | Total: 0.0205
    Step  17000 | Recon: 0.0216 | KL: 0.0000 | Total: 0.0216
    Step  18000 | Recon: 0.0192 | KL: 0.0000 | Total: 0.0192
    Step  19000 | Recon: 0.0199 | KL: 0.0000 | Total: 0.0199
    Step  20000 | Recon: 0.0171 | KL: 0.0000 | Total: 0.0171
    Step  21000 | Recon: 0.0190 | KL: 0.0000 | Total: 0.0190
    Step  22000 | Recon: 0.0165 | KL: 0.0000 | Total: 0.0165
    Step  23000 | Recon: 0.0179 | KL: 0.0000 | Total: 0.0179
    Step  24000 | Recon: 0.0165 | KL: 0.0000 | Total: 0.0166
    Step  25000 | Recon: 0.0176 | KL: 0.0000 | Total: 0.0176
    Step  26000 | Recon: 0.0160 | KL: 0.0000 | Total: 0.0160
    Step  27000 | Recon: 0.0180 | KL: 0.0000 | Total: 0.0180
    Step  28000 | Recon: 0.0209 | KL: 0.0000 | Total: 0.0209
    Step  29000 | Recon: 0.0128 | KL: 0.0000 | Total: 0.0128
    Step  30000 | Recon: 0.0169 | KL: 0.0000 | Total: 0.0169
    Step  31000 | Recon: 0.0161 | KL: 0.0000 | Total: 0.0162
    Step  32000 | Recon: 0.0140 | KL: 0.0000 | Total: 0.0140
    Step  33000 | Recon: 0.0168 | KL: 0.0000 | Total: 0.0168
    Step  34000 | Recon: 0.0206 | KL: 0.0000 | Total: 0.0206
    Step  35000 | Recon: 0.0220 | KL: 0.0000 | Total: 0.0220
    Step  36000 | Recon: 0.0204 | KL: 0.0000 | Total: 0.0205
    Step  37000 | Recon: 0.0196 | KL: 0.0000 | Total: 0.0196
    Step  38000 | Recon: 0.0216 | KL: 0.0000 | Total: 0.0216
    Step  39000 | Recon: 0.0181 | KL: 0.0000 | Total: 0.0181
    Step  40000 | Recon: 0.0191 | KL: 0.0000 | Total: 0.0191
    Step  41000 | Recon: 0.0200 | KL: 0.0000 | Total: 0.0200
    Step  42000 | Recon: 0.0171 | KL: 0.0000 | Total: 0.0171
    Step  43000 | Recon: 0.0173 | KL: 0.0000 | Total: 0.0174
    Step  44000 | Recon: 0.0180 | KL: 0.0000 | Total: 0.0181
    Step  45000 | Recon: 0.0164 | KL: 0.0000 | Total: 0.0164
    Step  46000 | Recon: 0.0188 | KL: 0.0000 | Total: 0.0188
    Step  47000 | Recon: 0.0181 | KL: 0.0000 | Total: 0.0181
    Step  48000 | Recon: 0.0229 | KL: 0.0000 | Total: 0.0229
    Step  49000 | Recon: 0.0212 | KL: 0.0000 | Total: 0.0212
    Step  50000 | Recon: 0.0183 | KL: 0.0000 | Total: 0.0183

  Final Results:
    Recon Loss: 0.018256
    KL Loss: 0.000000
    Training Time: 827.9s

============================================================
Running S15 with seed 597
============================================================
  Collecting initial episodes...
  Buffer size: 1514 transitions
  Starting training for 50000 steps...
    Step   1000 | Recon: 0.0159 | KL: 0.0000 | Total: 0.0160
    Step   2000 | Recon: 0.0175 | KL: 0.0000 | Total: 0.0175
    Step   3000 | Recon: 0.0203 | KL: 0.0001 | Total: 0.0204
    Step   4000 | Recon: 0.0252 | KL: 0.0001 | Total: 0.0253
    Step   5000 | Recon: 0.0158 | KL: 0.0000 | Total: 0.0158
    Step   6000 | Recon: 0.0202 | KL: 0.0000 | Total: 0.0202
    Step   7000 | Recon: 0.0178 | KL: 0.0001 | Total: 0.0179
    Step   8000 | Recon: 0.0198 | KL: 0.0001 | Total: 0.0198
    Step   9000 | Recon: 0.0186 | KL: 0.0000 | Total: 0.0186
    Step  10000 | Recon: 0.0196 | KL: 0.0000 | Total: 0.0196
    Step  11000 | Recon: 0.0184 | KL: 0.0001 | Total: 0.0185
    Step  12000 | Recon: 0.0198 | KL: 0.0000 | Total: 0.0198
    Step  13000 | Recon: 0.0200 | KL: 0.0000 | Total: 0.0200
    Step  14000 | Recon: 0.0165 | KL: 0.0000 | Total: 0.0165
    Step  15000 | Recon: 0.0176 | KL: 0.0000 | Total: 0.0176
    Step  16000 | Recon: 0.0151 | KL: 0.0000 | Total: 0.0151
    Step  17000 | Recon: 0.0220 | KL: 0.0000 | Total: 0.0220
    Step  18000 | Recon: 0.0150 | KL: 0.0000 | Total: 0.0150
    Step  19000 | Recon: 0.0214 | KL: 0.0000 | Total: 0.0214
    Step  20000 | Recon: 0.0222 | KL: 0.0000 | Total: 0.0223
    Step  21000 | Recon: 0.0167 | KL: 0.0000 | Total: 0.0167
    Step  22000 | Recon: 0.0201 | KL: 0.0000 | Total: 0.0201
    Step  23000 | Recon: 0.0292 | KL: 0.0000 | Total: 0.0292
    Step  24000 | Recon: 0.0276 | KL: 0.0000 | Total: 0.0276
    Step  25000 | Recon: 0.0249 | KL: 0.0000 | Total: 0.0249
    Step  26000 | Recon: 0.0292 | KL: 0.0000 | Total: 0.0292
    Step  27000 | Recon: 0.0211 | KL: 0.0000 | Total: 0.0212
    Step  28000 | Recon: 0.0229 | KL: 0.0000 | Total: 0.0230
    Step  29000 | Recon: 0.0240 | KL: 0.0000 | Total: 0.0240
    Step  30000 | Recon: 0.0184 | KL: 0.0000 | Total: 0.0184
    Step  31000 | Recon: 0.0236 | KL: 0.0000 | Total: 0.0236
    Step  32000 | Recon: 0.0165 | KL: 0.0000 | Total: 0.0165
    Step  33000 | Recon: 0.0206 | KL: 0.0000 | Total: 0.0206
    Step  34000 | Recon: 0.0214 | KL: 0.0000 | Total: 0.0214
    Step  35000 | Recon: 0.0209 | KL: 0.0000 | Total: 0.0209
    Step  36000 | Recon: 0.0188 | KL: 0.0000 | Total: 0.0188
    Step  37000 | Recon: 0.0304 | KL: 0.0000 | Total: 0.0304
    Step  38000 | Recon: 0.0227 | KL: 0.0000 | Total: 0.0227
    Step  39000 | Recon: 0.0232 | KL: 0.0000 | Total: 0.0232
    Step  40000 | Recon: 0.0279 | KL: 0.0000 | Total: 0.0279
    Step  41000 | Recon: 0.0168 | KL: 0.0000 | Total: 0.0168
    Step  42000 | Recon: 0.0211 | KL: 0.0000 | Total: 0.0211
    Step  43000 | Recon: 0.0234 | KL: 0.0000 | Total: 0.0234
    Step  44000 | Recon: 0.0229 | KL: 0.0000 | Total: 0.0229
    Step  45000 | Recon: 0.0235 | KL: 0.0000 | Total: 0.0235
    Step  46000 | Recon: 0.0206 | KL: 0.0000 | Total: 0.0206
    Step  47000 | Recon: 0.0232 | KL: 0.0000 | Total: 0.0232
    Step  48000 | Recon: 0.0252 | KL: 0.0000 | Total: 0.0252
    Step  49000 | Recon: 0.0226 | KL: 0.0000 | Total: 0.0226
    Step  50000 | Recon: 0.0239 | KL: 0.0000 | Total: 0.0239

  Final Results:
    Recon Loss: 0.023921
    KL Loss: 0.000001
    Training Time: 1021.3s

============================================================
Running S7 with seed 708
============================================================
  Collecting initial episodes...
  Buffer size: 1477 transitions
  Starting training for 50000 steps...
    Step   1000 | Recon: 0.0182 | KL: 0.0000 | Total: 0.0182
    Step   2000 | Recon: 0.0227 | KL: 0.0000 | Total: 0.0227
    Step   3000 | Recon: 0.0238 | KL: 0.0001 | Total: 0.0239
    Step   4000 | Recon: 0.0252 | KL: 0.0001 | Total: 0.0253
    Step   5000 | Recon: 0.0169 | KL: 0.0001 | Total: 0.0170
    Step   6000 | Recon: 0.0279 | KL: 0.0001 | Total: 0.0280
    Step   7000 | Recon: 0.0261 | KL: 0.0000 | Total: 0.0262
    Step   8000 | Recon: 0.0308 | KL: 0.0000 | Total: 0.0308
    Step   9000 | Recon: 0.0265 | KL: 0.0000 | Total: 0.0265
    Step  10000 | Recon: 0.0244 | KL: 0.0001 | Total: 0.0244
    Step  11000 | Recon: 0.0240 | KL: 0.0000 | Total: 0.0240
    Step  12000 | Recon: 0.0245 | KL: 0.0000 | Total: 0.0245
    Step  13000 | Recon: 0.0221 | KL: 0.0000 | Total: 0.0221
    Step  14000 | Recon: 0.0120 | KL: 0.0001 | Total: 0.0121
    Step  15000 | Recon: 0.0113 | KL: 0.0001 | Total: 0.0114
    Step  16000 | Recon: 0.0116 | KL: 0.0000 | Total: 0.0116
    Step  17000 | Recon: 0.0075 | KL: 0.0001 | Total: 0.0075
    Step  18000 | Recon: 0.0043 | KL: 0.0001 | Total: 0.0044
    Step  19000 | Recon: 0.0057 | KL: 0.0000 | Total: 0.0057
    Step  20000 | Recon: 0.0039 | KL: 0.0001 | Total: 0.0039
    Step  21000 | Recon: 0.0042 | KL: 0.0000 | Total: 0.0042
    Step  22000 | Recon: 0.0038 | KL: 0.0001 | Total: 0.0039
    Step  23000 | Recon: 0.0028 | KL: 0.0001 | Total: 0.0028
    Step  24000 | Recon: 0.0036 | KL: 0.0003 | Total: 0.0038
    Step  25000 | Recon: 0.0023 | KL: 0.0000 | Total: 0.0024
    Step  26000 | Recon: 0.0021 | KL: 0.0000 | Total: 0.0021
    Step  27000 | Recon: 0.0033 | KL: 0.0000 | Total: 0.0033
    Step  28000 | Recon: 0.0021 | KL: 0.0001 | Total: 0.0021
    Step  29000 | Recon: 0.0024 | KL: 0.0000 | Total: 0.0024
    Step  30000 | Recon: 0.0021 | KL: 0.0000 | Total: 0.0021
    Step  31000 | Recon: 0.0018 | KL: 0.0000 | Total: 0.0019
    Step  32000 | Recon: 0.0022 | KL: 0.0000 | Total: 0.0022
    Step  33000 | Recon: 0.0023 | KL: 0.0000 | Total: 0.0024
    Step  34000 | Recon: 0.0019 | KL: 0.0000 | Total: 0.0020
    Step  35000 | Recon: 0.0020 | KL: 0.0000 | Total: 0.0021
    Step  36000 | Recon: 0.0024 | KL: 0.0000 | Total: 0.0024
    Step  37000 | Recon: 0.0021 | KL: 0.0000 | Total: 0.0022
    Step  38000 | Recon: 0.0016 | KL: 0.0000 | Total: 0.0016
    Step  39000 | Recon: 0.0019 | KL: 0.0000 | Total: 0.0019
    Step  40000 | Recon: 0.0021 | KL: 0.0000 | Total: 0.0021
    Step  41000 | Recon: 0.0016 | KL: 0.0000 | Total: 0.0016
    Step  42000 | Recon: 0.0014 | KL: 0.0000 | Total: 0.0014
    Step  43000 | Recon: 0.0016 | KL: 0.0000 | Total: 0.0016
    Step  44000 | Recon: 0.0015 | KL: 0.0001 | Total: 0.0015
    Step  45000 | Recon: 0.0016 | KL: 0.0000 | Total: 0.0016
    Step  46000 | Recon: 0.0015 | KL: 0.0000 | Total: 0.0015
    Step  47000 | Recon: 0.0012 | KL: 0.0000 | Total: 0.0012
    Step  48000 | Recon: 0.0019 | KL: 0.0000 | Total: 0.0019
    Step  49000 | Recon: 0.0016 | KL: 0.0000 | Total: 0.0016
    Step  50000 | Recon: 0.0015 | KL: 0.0000 | Total: 0.0015

  Final Results:
    Recon Loss: 0.001519
    KL Loss: 0.000004
    Training Time: 820.6s

============================================================
Running S15 with seed 708
============================================================
  Collecting initial episodes...
  Buffer size: 1586 transitions
  Starting training for 50000 steps...
    Step   1000 | Recon: 0.0217 | KL: 0.0000 | Total: 0.0217
    Step   2000 | Recon: 0.0196 | KL: 0.0000 | Total: 0.0196
    Step   3000 | Recon: 0.0213 | KL: 0.0001 | Total: 0.0214
    Step   4000 | Recon: 0.0270 | KL: 0.0002 | Total: 0.0272
    Step   5000 | Recon: 0.0147 | KL: 0.0001 | Total: 0.0148
    Step   6000 | Recon: 0.0203 | KL: 0.0001 | Total: 0.0203
    Step   7000 | Recon: 0.0180 | KL: 0.0001 | Total: 0.0181
    Step   8000 | Recon: 0.0217 | KL: 0.0001 | Total: 0.0217
    Step   9000 | Recon: 0.0244 | KL: 0.0001 | Total: 0.0244
    Step  10000 | Recon: 0.0278 | KL: 0.0001 | Total: 0.0279
    Step  11000 | Recon: 0.0186 | KL: 0.0000 | Total: 0.0186
    Step  12000 | Recon: 0.0250 | KL: 0.0000 | Total: 0.0250
    Step  13000 | Recon: 0.0183 | KL: 0.0000 | Total: 0.0183
    Step  14000 | Recon: 0.0225 | KL: 0.0001 | Total: 0.0225
    Step  15000 | Recon: 0.0249 | KL: 0.0000 | Total: 0.0249
    Step  16000 | Recon: 0.0227 | KL: 0.0000 | Total: 0.0228
    Step  17000 | Recon: 0.0261 | KL: 0.0000 | Total: 0.0261
    Step  18000 | Recon: 0.0192 | KL: 0.0000 | Total: 0.0192
    Step  19000 | Recon: 0.0215 | KL: 0.0000 | Total: 0.0215
    Step  20000 | Recon: 0.0242 | KL: 0.0000 | Total: 0.0242
    Step  21000 | Recon: 0.0188 | KL: 0.0000 | Total: 0.0189
    Step  22000 | Recon: 0.0186 | KL: 0.0000 | Total: 0.0186
    Step  23000 | Recon: 0.0231 | KL: 0.0000 | Total: 0.0231
    Step  24000 | Recon: 0.0189 | KL: 0.0000 | Total: 0.0189
    Step  25000 | Recon: 0.0289 | KL: 0.0000 | Total: 0.0289
    Step  26000 | Recon: 0.0192 | KL: 0.0000 | Total: 0.0192
    Step  27000 | Recon: 0.0253 | KL: 0.0000 | Total: 0.0253
    Step  28000 | Recon: 0.0225 | KL: 0.0000 | Total: 0.0225
    Step  29000 | Recon: 0.0211 | KL: 0.0000 | Total: 0.0211
    Step  30000 | Recon: 0.0263 | KL: 0.0000 | Total: 0.0263
    Step  31000 | Recon: 0.0236 | KL: 0.0000 | Total: 0.0236
    Step  32000 | Recon: 0.0186 | KL: 0.0000 | Total: 0.0186
    Step  33000 | Recon: 0.0217 | KL: 0.0000 | Total: 0.0217
    Step  34000 | Recon: 0.0204 | KL: 0.0000 | Total: 0.0204
    Step  35000 | Recon: 0.0231 | KL: 0.0000 | Total: 0.0231
    Step  36000 | Recon: 0.0212 | KL: 0.0000 | Total: 0.0212
    Step  37000 | Recon: 0.0220 | KL: 0.0000 | Total: 0.0220
    Step  38000 | Recon: 0.0234 | KL: 0.0000 | Total: 0.0234
    Step  39000 | Recon: 0.0195 | KL: 0.0000 | Total: 0.0195
    Step  40000 | Recon: 0.0234 | KL: 0.0000 | Total: 0.0234
    Step  41000 | Recon: 0.0208 | KL: 0.0000 | Total: 0.0208
    Step  42000 | Recon: 0.0180 | KL: 0.0000 | Total: 0.0180
    Step  43000 | Recon: 0.0219 | KL: 0.0000 | Total: 0.0219
    Step  44000 | Recon: 0.0252 | KL: 0.0000 | Total: 0.0252
    Step  45000 | Recon: 0.0194 | KL: 0.0000 | Total: 0.0194
    Step  46000 | Recon: 0.0261 | KL: 0.0000 | Total: 0.0261
    Step  47000 | Recon: 0.0254 | KL: 0.0000 | Total: 0.0254
    Step  48000 | Recon: 0.0200 | KL: 0.0000 | Total: 0.0200
    Step  49000 | Recon: 0.0177 | KL: 0.0000 | Total: 0.0177
    Step  50000 | Recon: 0.0188 | KL: 0.0000 | Total: 0.0188

  Final Results:
    Recon Loss: 0.018810
    KL Loss: 0.000000
    Training Time: 1019.2s

============================================================
Running S7 with seed 819
============================================================
  Collecting initial episodes...
  Buffer size: 1769 transitions
  Starting training for 50000 steps...
    Step   1000 | Recon: 0.0166 | KL: 0.0000 | Total: 0.0166
    Step   2000 | Recon: 0.0174 | KL: 0.0000 | Total: 0.0174
    Step   3000 | Recon: 0.0194 | KL: 0.0001 | Total: 0.0194
    Step   4000 | Recon: 0.0150 | KL: 0.0001 | Total: 0.0150
    Step   5000 | Recon: 0.0205 | KL: 0.0001 | Total: 0.0206
    Step   6000 | Recon: 0.0219 | KL: 0.0001 | Total: 0.0220
    Step   7000 | Recon: 0.0157 | KL: 0.0001 | Total: 0.0158
    Step   8000 | Recon: 0.0148 | KL: 0.0001 | Total: 0.0148
    Step   9000 | Recon: 0.0206 | KL: 0.0001 | Total: 0.0207
    Step  10000 | Recon: 0.0171 | KL: 0.0001 | Total: 0.0172
    Step  11000 | Recon: 0.0161 | KL: 0.0000 | Total: 0.0161
    Step  12000 | Recon: 0.0140 | KL: 0.0000 | Total: 0.0140
    Step  13000 | Recon: 0.0183 | KL: 0.0000 | Total: 0.0183
    Step  14000 | Recon: 0.0160 | KL: 0.0001 | Total: 0.0161
    Step  15000 | Recon: 0.0210 | KL: 0.0000 | Total: 0.0210
    Step  16000 | Recon: 0.0197 | KL: 0.0557 | Total: 0.0642
    Step  17000 | Recon: 0.0119 | KL: 0.0000 | Total: 0.0119
    Step  18000 | Recon: 0.0207 | KL: 0.0000 | Total: 0.0208
    Step  19000 | Recon: 0.0176 | KL: 0.0000 | Total: 0.0176
    Step  20000 | Recon: 0.0158 | KL: 0.0005 | Total: 0.0161
    Step  21000 | Recon: 0.0221 | KL: 0.0000 | Total: 0.0221
    Step  22000 | Recon: 0.0147 | KL: 0.0000 | Total: 0.0147
    Step  23000 | Recon: 0.0198 | KL: 0.0000 | Total: 0.0198
    Step  24000 | Recon: 0.0143 | KL: 0.0000 | Total: 0.0143
    Step  25000 | Recon: 0.0153 | KL: 0.0000 | Total: 0.0153
    Step  26000 | Recon: 0.0170 | KL: 0.0000 | Total: 0.0170
    Step  27000 | Recon: 0.0151 | KL: 0.0000 | Total: 0.0151
    Step  28000 | Recon: 0.0152 | KL: 0.0000 | Total: 0.0152
    Step  29000 | Recon: 0.0169 | KL: 0.0000 | Total: 0.0169
    Step  30000 | Recon: 0.0227 | KL: 0.0000 | Total: 0.0227
    Step  31000 | Recon: 0.0161 | KL: 0.0000 | Total: 0.0161
    Step  32000 | Recon: 0.0145 | KL: 0.0000 | Total: 0.0145
    Step  33000 | Recon: 0.0180 | KL: 0.0000 | Total: 0.0180
    Step  34000 | Recon: 0.0203 | KL: 0.0000 | Total: 0.0203
    Step  35000 | Recon: 0.0160 | KL: 0.0000 | Total: 0.0160
    Step  36000 | Recon: 0.0193 | KL: 0.0000 | Total: 0.0193
    Step  37000 | Recon: 0.0162 | KL: 0.0000 | Total: 0.0163
    Step  38000 | Recon: 0.0191 | KL: 0.0000 | Total: 0.0192
    Step  39000 | Recon: 0.0221 | KL: 0.0000 | Total: 0.0221
    Step  40000 | Recon: 0.0187 | KL: 0.0000 | Total: 0.0187
    Step  41000 | Recon: 0.0163 | KL: 0.0000 | Total: 0.0163
    Step  42000 | Recon: 0.0182 | KL: 0.0000 | Total: 0.0182
    Step  43000 | Recon: 0.0168 | KL: 0.0000 | Total: 0.0168
    Step  44000 | Recon: 0.0201 | KL: 0.0000 | Total: 0.0201
    Step  45000 | Recon: 0.0138 | KL: 0.0000 | Total: 0.0138
    Step  46000 | Recon: 0.0083 | KL: 0.0000 | Total: 0.0083
    Step  47000 | Recon: 0.0094 | KL: 0.0000 | Total: 0.0094
    Step  48000 | Recon: 0.0065 | KL: 0.0000 | Total: 0.0065
    Step  49000 | Recon: 0.0040 | KL: 0.0000 | Total: 0.0040
    Step  50000 | Recon: 0.0047 | KL: 0.0000 | Total: 0.0047

  Final Results:
    Recon Loss: 0.004661
    KL Loss: 0.000006
    Training Time: 827.5s

============================================================
Running S15 with seed 819
============================================================
  Collecting initial episodes...
  Buffer size: 1909 transitions
  Starting training for 50000 steps...
    Step   1000 | Recon: 0.0163 | KL: 0.0000 | Total: 0.0163
    Step   2000 | Recon: 0.0269 | KL: 0.0002 | Total: 0.0270
    Step   3000 | Recon: 0.0210 | KL: 0.0001 | Total: 0.0211
    Step   4000 | Recon: 0.0230 | KL: 0.0000 | Total: 0.0230
    Step   5000 | Recon: 0.0241 | KL: 0.0003 | Total: 0.0243
    Step   6000 | Recon: 0.0156 | KL: 0.0002 | Total: 0.0158
    Step   7000 | Recon: 0.0218 | KL: 0.0000 | Total: 0.0218
    Step   8000 | Recon: 0.0264 | KL: 0.0000 | Total: 0.0265
    Step   9000 | Recon: 0.0177 | KL: 0.0000 | Total: 0.0177
    Step  10000 | Recon: 0.0254 | KL: 0.0000 | Total: 0.0255
    Step  11000 | Recon: 0.0207 | KL: 0.0000 | Total: 0.0207
    Step  12000 | Recon: 0.0210 | KL: 0.0000 | Total: 0.0211
    Step  13000 | Recon: 0.0157 | KL: 0.0000 | Total: 0.0157
    Step  14000 | Recon: 0.0274 | KL: 0.0000 | Total: 0.0274
    Step  15000 | Recon: 0.0232 | KL: 0.0000 | Total: 0.0232
    Step  16000 | Recon: 0.0199 | KL: 0.0000 | Total: 0.0199
    Step  17000 | Recon: 0.0217 | KL: 0.0000 | Total: 0.0217
    Step  18000 | Recon: 0.0254 | KL: 0.0000 | Total: 0.0254
    Step  19000 | Recon: 0.0220 | KL: 0.0000 | Total: 0.0220
    Step  20000 | Recon: 0.0221 | KL: 0.0000 | Total: 0.0222
    Step  21000 | Recon: 0.0195 | KL: 0.0000 | Total: 0.0195
    Step  22000 | Recon: 0.0181 | KL: 0.0000 | Total: 0.0181
    Step  23000 | Recon: 0.0202 | KL: 0.0000 | Total: 0.0202
    Step  24000 | Recon: 0.0274 | KL: 0.0000 | Total: 0.0274
    Step  25000 | Recon: 0.0160 | KL: 0.0000 | Total: 0.0160
    Step  26000 | Recon: 0.0223 | KL: 0.0000 | Total: 0.0223
    Step  27000 | Recon: 0.0225 | KL: 0.0000 | Total: 0.0225
    Step  28000 | Recon: 0.0225 | KL: 0.0000 | Total: 0.0225
    Step  29000 | Recon: 0.0307 | KL: 0.0000 | Total: 0.0307
    Step  30000 | Recon: 0.0265 | KL: 0.0000 | Total: 0.0265
    Step  31000 | Recon: 0.0226 | KL: 0.0000 | Total: 0.0226
    Step  32000 | Recon: 0.0209 | KL: 0.0000 | Total: 0.0209
    Step  33000 | Recon: 0.0140 | KL: 0.0000 | Total: 0.0140
    Step  34000 | Recon: 0.0194 | KL: 0.0000 | Total: 0.0194
    Step  35000 | Recon: 0.0157 | KL: 0.0000 | Total: 0.0157
    Step  36000 | Recon: 0.0197 | KL: 0.0141 | Total: 0.0309
    Step  37000 | Recon: 0.0268 | KL: 0.0000 | Total: 0.0268
    Step  38000 | Recon: 0.0177 | KL: 0.0000 | Total: 0.0177
    Step  39000 | Recon: 0.0232 | KL: 0.0000 | Total: 0.0232
    Step  40000 | Recon: 0.0277 | KL: 0.0000 | Total: 0.0277
    Step  41000 | Recon: 0.0231 | KL: 0.0000 | Total: 0.0231
    Step  42000 | Recon: 0.0162 | KL: 0.0000 | Total: 0.0162
    Step  43000 | Recon: 0.0209 | KL: 0.0000 | Total: 0.0209
    Step  44000 | Recon: 0.0235 | KL: 0.0000 | Total: 0.0235
    Step  45000 | Recon: 0.0200 | KL: 0.0000 | Total: 0.0200
    Step  46000 | Recon: 0.0225 | KL: 0.0000 | Total: 0.0225
    Step  47000 | Recon: 0.0165 | KL: 0.0000 | Total: 0.0165
    Step  48000 | Recon: 0.0173 | KL: 0.0000 | Total: 0.0173
    Step  49000 | Recon: 0.0209 | KL: 0.0000 | Total: 0.0209
    Step  50000 | Recon: 0.0213 | KL: 0.0000 | Total: 0.0213

  Final Results:
    Recon Loss: 0.021347
    KL Loss: 0.000000
    Training Time: 1022.0s

============================================================
Running S7 with seed 930
============================================================
  Collecting initial episodes...
  Buffer size: 1357 transitions
  Starting training for 50000 steps...
    Step   1000 | Recon: 0.0187 | KL: 0.0000 | Total: 0.0187
    Step   2000 | Recon: 0.0144 | KL: 0.0001 | Total: 0.0145
    Step   3000 | Recon: 0.0238 | KL: 0.0001 | Total: 0.0239
    Step   4000 | Recon: 0.0154 | KL: 0.0000 | Total: 0.0155
    Step   5000 | Recon: 0.0175 | KL: 0.0001 | Total: 0.0175
    Step   6000 | Recon: 0.0185 | KL: 0.0001 | Total: 0.0186
    Step   7000 | Recon: 0.0153 | KL: 0.0001 | Total: 0.0153
    Step   8000 | Recon: 0.0137 | KL: 0.0001 | Total: 0.0137
    Step   9000 | Recon: 0.0276 | KL: 0.0001 | Total: 0.0276
    Step  10000 | Recon: 0.0109 | KL: 0.0001 | Total: 0.0109
    Step  11000 | Recon: 0.0217 | KL: 0.0001 | Total: 0.0217
    Step  12000 | Recon: 0.0228 | KL: 0.0000 | Total: 0.0228
    Step  13000 | Recon: 0.0150 | KL: 0.0000 | Total: 0.0151
    Step  14000 | Recon: 0.0177 | KL: 0.0001 | Total: 0.0178
    Step  15000 | Recon: 0.0117 | KL: 0.0001 | Total: 0.0118
    Step  16000 | Recon: 0.0175 | KL: 0.0000 | Total: 0.0175
    Step  17000 | Recon: 0.0184 | KL: 0.0000 | Total: 0.0184
    Step  18000 | Recon: 0.0154 | KL: 0.0000 | Total: 0.0154
    Step  19000 | Recon: 0.0260 | KL: 0.0000 | Total: 0.0260
    Step  20000 | Recon: 0.0160 | KL: 0.0000 | Total: 0.0160
    Step  21000 | Recon: 0.0148 | KL: 0.0000 | Total: 0.0149
    Step  22000 | Recon: 0.0139 | KL: 0.0000 | Total: 0.0139
    Step  23000 | Recon: 0.0187 | KL: 0.0000 | Total: 0.0187
    Step  24000 | Recon: 0.0176 | KL: 0.0000 | Total: 0.0176
    Step  25000 | Recon: 0.0224 | KL: 0.0000 | Total: 0.0224
    Step  26000 | Recon: 0.0161 | KL: 0.0000 | Total: 0.0161
    Step  27000 | Recon: 0.0125 | KL: 0.0000 | Total: 0.0125
    Step  28000 | Recon: 0.0173 | KL: 0.0000 | Total: 0.0173
    Step  29000 | Recon: 0.0230 | KL: 0.0000 | Total: 0.0230
    Step  30000 | Recon: 0.0208 | KL: 0.0000 | Total: 0.0208
    Step  31000 | Recon: 0.0173 | KL: 0.0000 | Total: 0.0173
    Step  32000 | Recon: 0.0123 | KL: 0.0000 | Total: 0.0123
    Step  33000 | Recon: 0.0203 | KL: 0.0000 | Total: 0.0203
    Step  34000 | Recon: 0.0213 | KL: 0.0000 | Total: 0.0213
    Step  35000 | Recon: 0.0205 | KL: 0.0000 | Total: 0.0205
    Step  36000 | Recon: 0.0195 | KL: 0.0000 | Total: 0.0195
    Step  37000 | Recon: 0.0183 | KL: 0.0000 | Total: 0.0183
    Step  38000 | Recon: 0.0192 | KL: 0.0000 | Total: 0.0192
    Step  39000 | Recon: 0.0229 | KL: 0.0000 | Total: 0.0229
    Step  40000 | Recon: 0.0213 | KL: 0.0000 | Total: 0.0213
    Step  41000 | Recon: 0.0192 | KL: 0.0000 | Total: 0.0192
    Step  42000 | Recon: 0.0238 | KL: 0.0000 | Total: 0.0238
    Step  43000 | Recon: 0.0156 | KL: 0.0000 | Total: 0.0156
    Step  44000 | Recon: 0.0149 | KL: 0.0000 | Total: 0.0149
    Step  45000 | Recon: 0.0145 | KL: 0.0000 | Total: 0.0145
    Step  46000 | Recon: 0.0203 | KL: 0.0000 | Total: 0.0203
    Step  47000 | Recon: 0.0238 | KL: 0.0000 | Total: 0.0238
    Step  48000 | Recon: 0.0184 | KL: 0.0000 | Total: 0.0184
    Step  49000 | Recon: 0.0160 | KL: 0.0000 | Total: 0.0160
    Step  50000 | Recon: 0.0285 | KL: 0.0000 | Total: 0.0285

  Final Results:
    Recon Loss: 0.028495
    KL Loss: 0.000000
    Training Time: 823.2s

============================================================
Running S15 with seed 930
============================================================
  Collecting initial episodes...
  Buffer size: 1755 transitions
  Starting training for 50000 steps...
    Step   1000 | Recon: 0.0223 | KL: 0.0000 | Total: 0.0223
    Step   2000 | Recon: 0.0210 | KL: 0.0000 | Total: 0.0210
    Step   3000 | Recon: 0.0223 | KL: 0.0002 | Total: 0.0224
    Step   4000 | Recon: 0.0187 | KL: 0.0000 | Total: 0.0187
    Step   5000 | Recon: 0.0188 | KL: 0.0002 | Total: 0.0189
    Step   6000 | Recon: 0.0211 | KL: 0.0002 | Total: 0.0212
    Step   7000 | Recon: 0.0192 | KL: 0.0000 | Total: 0.0192
    Step   8000 | Recon: 0.0210 | KL: 0.0001 | Total: 0.0210
    Step   9000 | Recon: 0.0212 | KL: 0.0001 | Total: 0.0213
    Step  10000 | Recon: 0.0202 | KL: 0.0000 | Total: 0.0203
    Step  11000 | Recon: 0.0179 | KL: 0.0000 | Total: 0.0179
    Step  12000 | Recon: 0.0198 | KL: 0.0000 | Total: 0.0199
    Step  13000 | Recon: 0.0187 | KL: 0.0000 | Total: 0.0188
    Step  14000 | Recon: 0.0190 | KL: 0.0001 | Total: 0.0191
    Step  15000 | Recon: 0.0198 | KL: 0.0000 | Total: 0.0199
    Step  16000 | Recon: 0.0202 | KL: 0.0000 | Total: 0.0202
    Step  17000 | Recon: 0.0226 | KL: 0.0000 | Total: 0.0226
    Step  18000 | Recon: 0.0192 | KL: 0.0000 | Total: 0.0192
    Step  19000 | Recon: 0.0165 | KL: 0.0000 | Total: 0.0165
    Step  20000 | Recon: 0.0190 | KL: 0.0000 | Total: 0.0190
    Step  21000 | Recon: 0.0207 | KL: 0.0000 | Total: 0.0207
    Step  22000 | Recon: 0.0202 | KL: 0.0000 | Total: 0.0202
    Step  23000 | Recon: 0.0229 | KL: 0.0000 | Total: 0.0229
    Step  24000 | Recon: 0.0196 | KL: 0.0000 | Total: 0.0196
    Step  25000 | Recon: 0.0146 | KL: 0.0000 | Total: 0.0146
    Step  26000 | Recon: 0.0174 | KL: 0.0000 | Total: 0.0174
    Step  27000 | Recon: 0.0160 | KL: 0.0001 | Total: 0.0161
    Step  28000 | Recon: 0.0185 | KL: 0.0000 | Total: 0.0185
    Step  29000 | Recon: 0.0205 | KL: 0.0000 | Total: 0.0205
    Step  30000 | Recon: 0.0198 | KL: 0.0000 | Total: 0.0198
    Step  31000 | Recon: 0.0154 | KL: 0.0000 | Total: 0.0154
    Step  32000 | Recon: 0.0219 | KL: 0.0000 | Total: 0.0219
    Step  33000 | Recon: 0.0231 | KL: 0.0000 | Total: 0.0231
    Step  34000 | Recon: 0.0245 | KL: 0.0000 | Total: 0.0245
    Step  35000 | Recon: 0.0208 | KL: 0.0000 | Total: 0.0208
    Step  36000 | Recon: 0.0159 | KL: 0.0000 | Total: 0.0159
    Step  37000 | Recon: 0.0218 | KL: 0.0000 | Total: 0.0218
    Step  38000 | Recon: 0.0188 | KL: 0.0000 | Total: 0.0188
    Step  39000 | Recon: 0.0159 | KL: 0.0000 | Total: 0.0159
    Step  40000 | Recon: 0.0203 | KL: 0.0000 | Total: 0.0203
    Step  41000 | Recon: 0.0209 | KL: 0.0000 | Total: 0.0209
    Step  42000 | Recon: 0.0192 | KL: 0.0000 | Total: 0.0192
    Step  43000 | Recon: 0.0203 | KL: 0.0000 | Total: 0.0203
    Step  44000 | Recon: 0.0188 | KL: 0.0000 | Total: 0.0188
    Step  45000 | Recon: 0.0226 | KL: 0.0000 | Total: 0.0226
    Step  46000 | Recon: 0.0199 | KL: 0.0000 | Total: 0.0199
    Step  47000 | Recon: 0.0262 | KL: 0.0000 | Total: 0.0262
    Step  48000 | Recon: 0.0257 | KL: 0.0000 | Total: 0.0257
    Step  49000 | Recon: 0.0191 | KL: 0.0000 | Total: 0.0191
    Step  50000 | Recon: 0.0152 | KL: 0.0000 | Total: 0.0152

  Final Results:
    Recon Loss: 0.015181
    KL Loss: 0.000004
    Training Time: 1013.4s

============================================================
Running S7 with seed 1041
============================================================
  Collecting initial episodes...
  Buffer size: 1848 transitions
  Starting training for 50000 steps...
    Step   1000 | Recon: 0.0237 | KL: 0.0000 | Total: 0.0237
    Step   2000 | Recon: 0.0193 | KL: 0.0002 | Total: 0.0195
    Step   3000 | Recon: 0.0194 | KL: 0.0000 | Total: 0.0194
    Step   4000 | Recon: 0.0208 | KL: 0.0001 | Total: 0.0208
    Step   5000 | Recon: 0.0170 | KL: 0.0002 | Total: 0.0171
    Step   6000 | Recon: 0.0130 | KL: 0.0001 | Total: 0.0130
    Step   7000 | Recon: 0.0221 | KL: 0.0001 | Total: 0.0222
    Step   8000 | Recon: 0.0142 | KL: 0.0001 | Total: 0.0143
    Step   9000 | Recon: 0.0209 | KL: 0.0001 | Total: 0.0210
    Step  10000 | Recon: 0.0220 | KL: 0.0000 | Total: 0.0220
    Step  11000 | Recon: 0.0123 | KL: 0.0000 | Total: 0.0123
    Step  12000 | Recon: 0.0178 | KL: 0.0000 | Total: 0.0178
    Step  13000 | Recon: 0.0196 | KL: 0.0000 | Total: 0.0196
    Step  14000 | Recon: 0.0141 | KL: 0.0000 | Total: 0.0141
    Step  15000 | Recon: 0.0145 | KL: 0.0000 | Total: 0.0145
    Step  16000 | Recon: 0.0135 | KL: 0.0001 | Total: 0.0136
    Step  17000 | Recon: 0.0218 | KL: 0.0001 | Total: 0.0219
    Step  18000 | Recon: 0.0212 | KL: 0.0000 | Total: 0.0212
    Step  19000 | Recon: 0.0297 | KL: 0.0000 | Total: 0.0297
    Step  20000 | Recon: 0.0194 | KL: 0.0000 | Total: 0.0194
    Step  21000 | Recon: 0.0195 | KL: 0.0000 | Total: 0.0196
    Step  22000 | Recon: 0.0135 | KL: 0.0000 | Total: 0.0135
    Step  23000 | Recon: 0.0199 | KL: 0.0000 | Total: 0.0199
    Step  24000 | Recon: 0.0191 | KL: 0.0000 | Total: 0.0191
    Step  25000 | Recon: 0.0168 | KL: 0.0000 | Total: 0.0168
    Step  26000 | Recon: 0.0146 | KL: 0.0000 | Total: 0.0146
    Step  27000 | Recon: 0.0206 | KL: 0.0000 | Total: 0.0206
    Step  28000 | Recon: 0.0202 | KL: 0.0000 | Total: 0.0202
    Step  29000 | Recon: 0.0209 | KL: 0.0000 | Total: 0.0209
    Step  30000 | Recon: 0.0210 | KL: 0.0000 | Total: 0.0210
    Step  31000 | Recon: 0.0174 | KL: 0.0000 | Total: 0.0174
    Step  32000 | Recon: 0.0191 | KL: 0.0000 | Total: 0.0191
    Step  33000 | Recon: 0.0227 | KL: 0.0000 | Total: 0.0227
    Step  34000 | Recon: 0.0191 | KL: 0.0000 | Total: 0.0191
    Step  35000 | Recon: 0.0153 | KL: 0.0000 | Total: 0.0153
    Step  36000 | Recon: 0.0177 | KL: 0.0000 | Total: 0.0178
    Step  37000 | Recon: 0.0217 | KL: 0.0000 | Total: 0.0217
    Step  38000 | Recon: 0.0215 | KL: 0.0000 | Total: 0.0215
    Step  39000 | Recon: 0.0145 | KL: 0.0000 | Total: 0.0145
    Step  40000 | Recon: 0.0172 | KL: 0.0000 | Total: 0.0172
    Step  41000 | Recon: 0.0182 | KL: 0.0000 | Total: 0.0182
    Step  42000 | Recon: 0.0183 | KL: 0.0000 | Total: 0.0183
    Step  43000 | Recon: 0.0196 | KL: 0.0000 | Total: 0.0196
    Step  44000 | Recon: 0.0161 | KL: 0.0000 | Total: 0.0161
    Step  45000 | Recon: 0.0190 | KL: 0.0000 | Total: 0.0190
    Step  46000 | Recon: 0.0161 | KL: 0.0000 | Total: 0.0161
    Step  47000 | Recon: 0.0167 | KL: 0.0000 | Total: 0.0167
    Step  48000 | Recon: 0.0167 | KL: 0.0000 | Total: 0.0167
    Step  49000 | Recon: 0.0151 | KL: 0.0000 | Total: 0.0151
    Step  50000 | Recon: 0.0159 | KL: 0.0000 | Total: 0.0160

  Final Results:
    Recon Loss: 0.015940
    KL Loss: 0.000012
    Training Time: 834.6s

============================================================
Running S15 with seed 1041
============================================================
  Collecting initial episodes...
  Buffer size: 1500 transitions
  Starting training for 50000 steps...
    Step   1000 | Recon: 0.0207 | KL: 0.0000 | Total: 0.0207
    Step   2000 | Recon: 0.0217 | KL: 0.0000 | Total: 0.0217
    Step   3000 | Recon: 0.0211 | KL: 0.0000 | Total: 0.0211
    Step   4000 | Recon: 0.0210 | KL: 0.0001 | Total: 0.0210
    Step   5000 | Recon: 0.0168 | KL: 0.0001 | Total: 0.0169
    Step   6000 | Recon: 0.0172 | KL: 0.0001 | Total: 0.0173
    Step   7000 | Recon: 0.0153 | KL: 0.0001 | Total: 0.0154
    Step   8000 | Recon: 0.0134 | KL: 0.0000 | Total: 0.0134
    Step   9000 | Recon: 0.0168 | KL: 0.0000 | Total: 0.0168
    Step  10000 | Recon: 0.0129 | KL: 0.0001 | Total: 0.0129
    Step  11000 | Recon: 0.0185 | KL: 0.0001 | Total: 0.0186
    Step  12000 | Recon: 0.0133 | KL: 0.0001 | Total: 0.0134
    Step  13000 | Recon: 0.0131 | KL: 0.0001 | Total: 0.0132
    Step  14000 | Recon: 0.0111 | KL: 0.0001 | Total: 0.0111
    Step  15000 | Recon: 0.0174 | KL: 0.0000 | Total: 0.0174
    Step  16000 | Recon: 0.0173 | KL: 0.0000 | Total: 0.0173
    Step  17000 | Recon: 0.0147 | KL: 0.0000 | Total: 0.0147
    Step  18000 | Recon: 0.0158 | KL: 0.0000 | Total: 0.0158
    Step  19000 | Recon: 0.0182 | KL: 0.0000 | Total: 0.0182
    Step  20000 | Recon: 0.0158 | KL: 0.0000 | Total: 0.0158
    Step  21000 | Recon: 0.0128 | KL: 0.0000 | Total: 0.0128
    Step  22000 | Recon: 0.0133 | KL: 0.0000 | Total: 0.0133
    Step  23000 | Recon: 0.0182 | KL: 0.0000 | Total: 0.0182
    Step  24000 | Recon: 0.0170 | KL: 0.0000 | Total: 0.0170
    Step  25000 | Recon: 0.0176 | KL: 0.0000 | Total: 0.0177
    Step  26000 | Recon: 0.0142 | KL: 0.0000 | Total: 0.0143
    Step  27000 | Recon: 0.0134 | KL: 0.0000 | Total: 0.0134
    Step  28000 | Recon: 0.0134 | KL: 0.0000 | Total: 0.0134
    Step  29000 | Recon: 0.0137 | KL: 0.0000 | Total: 0.0137
    Step  30000 | Recon: 0.0175 | KL: 0.0000 | Total: 0.0175
    Step  31000 | Recon: 0.0177 | KL: 0.0000 | Total: 0.0177
    Step  32000 | Recon: 0.0179 | KL: 0.0000 | Total: 0.0179
    Step  33000 | Recon: 0.0131 | KL: 0.0000 | Total: 0.0131
    Step  34000 | Recon: 0.0136 | KL: 0.0000 | Total: 0.0136
    Step  35000 | Recon: 0.0152 | KL: 0.0000 | Total: 0.0152
    Step  36000 | Recon: 0.0170 | KL: 0.0000 | Total: 0.0170
    Step  37000 | Recon: 0.0165 | KL: 0.0000 | Total: 0.0165
    Step  38000 | Recon: 0.0141 | KL: 0.0000 | Total: 0.0141
    Step  39000 | Recon: 0.0159 | KL: 0.0000 | Total: 0.0159
    Step  40000 | Recon: 0.0132 | KL: 0.0000 | Total: 0.0132
    Step  41000 | Recon: 0.0178 | KL: 0.0000 | Total: 0.0178
    Step  42000 | Recon: 0.0117 | KL: 0.0000 | Total: 0.0117
    Step  43000 | Recon: 0.0196 | KL: 0.0000 | Total: 0.0196
    Step  44000 | Recon: 0.0254 | KL: 0.0000 | Total: 0.0254
    Step  45000 | Recon: 0.0169 | KL: 0.0000 | Total: 0.0169
    Step  46000 | Recon: 0.0193 | KL: 0.0000 | Total: 0.0193
    Step  47000 | Recon: 0.0183 | KL: 0.0000 | Total: 0.0183
    Step  48000 | Recon: 0.0165 | KL: 0.0000 | Total: 0.0165
    Step  49000 | Recon: 0.0124 | KL: 0.0000 | Total: 0.0124
    Step  50000 | Recon: 0.0148 | KL: 0.0000 | Total: 0.0148

  Final Results:
    Recon Loss: 0.014797
    KL Loss: 0.000002
    Training Time: 1019.2s

======================================================================
STATISTICAL ANALYSIS (DreamerV3 Methodology)
======================================================================

Sample: n_S7 = 10, n_S15 = 10

----------------------------------------------------------------------
PRIMARY METRIC: Reconstruction Loss (lower is better)
----------------------------------------------------------------------
  S7:  0.012302  0.010197
  S15: 0.014165  0.008706
  Improvement: -15.14%
  Welch's t = -0.439, p = 0.665785
  Mann-Whitney U = 47.0, p = 0.850107
  Cohen's d = -0.196 (SMALL)
  95% CI for difference: [-0.009459, 0.005707]
  Significant (=0.05): NO
  Significant (Bonferroni =0.0125): NO

----------------------------------------------------------------------
KL Divergence (lower is better)
----------------------------------------------------------------------
  S7:  0.000008  0.000011
  S15: 0.000005  0.000006
  Welch's t = 0.937, p = 0.365701
  Cohen's d = 0.419 (SMALL)

----------------------------------------------------------------------
Total Loss (lower is better)
----------------------------------------------------------------------
  S7:  0.012309  0.010192
  S15: 0.014169  0.008702
  Welch's t = -0.439, p = 0.666154
  Cohen's d = -0.196 (SMALL)

----------------------------------------------------------------------
Training Overhead
----------------------------------------------------------------------
  S7 mean time:  849.4s
  S15 mean time: 1033.1s
  Ratio: 1.22x

======================================================================
CONCLUSION
======================================================================
Results are NOT statistically significant at Bonferroni-corrected =0.0125
More data may be needed, or effect size may be smaller than detectable.

Results saved to: /Users/schizodactyl/projects/art/octoni-on/data/experiment_results.json
CSV saved to: /Users/schizodactyl/projects/art/octoni-on/data/raw_results.csv
